TN:
SF:/Users/martijn.cuppens/workspace/bootstrap/js/src/alert.js
FN:47,(anonymous_0)
FN:53,(anonymous_1)
FN:59,(anonymous_2)
FN:74,(anonymous_3)
FN:81,(anonymous_4)
FN:96,(anonymous_5)
FN:103,(anonymous_6)
FN:114,(anonymous_7)
FN:118,(anonymous_8)
FN:127,(anonymous_9)
FN:128,(anonymous_10)
FN:143,(anonymous_11)
FN:144,(anonymous_12)
FN:174,(anonymous_13)
FNF:14
FNH:14
FNDA:7,(anonymous_0)
FNDA:1,(anonymous_1)
FNDA:4,(anonymous_2)
FNDA:1,(anonymous_3)
FNDA:3,(anonymous_4)
FNDA:4,(anonymous_5)
FNDA:3,(anonymous_6)
FNDA:1,(anonymous_7)
FNDA:2,(anonymous_8)
FNDA:6,(anonymous_9)
FNDA:6,(anonymous_10)
FNDA:1,(anonymous_11)
FNDA:2,(anonymous_12)
FNDA:8,(anonymous_13)
DA:17,1
DA:18,1
DA:19,1
DA:20,1
DA:21,1
DA:22,1
DA:24,1
DA:28,1
DA:34,1
DA:48,7
DA:54,1
DA:60,4
DA:61,4
DA:62,3
DA:65,4
DA:67,4
DA:68,1
DA:71,3
DA:75,1
DA:76,1
DA:82,3
DA:83,3
DA:85,3
DA:86,0
DA:89,3
DA:90,3
DA:93,3
DA:97,4
DA:99,4
DA:100,4
DA:104,3
DA:106,3
DA:107,1
DA:108,1
DA:111,2
DA:113,2
DA:114,1
DA:119,2
DA:128,6
DA:129,6
DA:130,6
DA:132,6
DA:133,6
DA:134,6
DA:137,6
DA:138,1
DA:144,1
DA:145,2
DA:146,2
DA:149,2
DA:160,1
DA:172,1
DA:173,1
DA:174,1
DA:175,8
DA:176,8
LF:56
LH:55
BRDA:61,0,0,3
BRDA:61,0,1,1
BRDA:67,1,0,1
BRDA:67,1,1,3
BRDA:85,2,0,0
BRDA:85,2,1,3
BRDA:89,3,0,3
BRDA:89,3,1,0
BRDA:106,4,0,1
BRDA:106,4,1,2
BRDA:132,5,0,6
BRDA:132,5,1,0
BRDA:137,6,0,1
BRDA:137,6,1,5
BRDA:145,7,0,2
BRDA:145,7,1,0
BRF:16
BRH:12
end_of_record
TN:
SF:/Users/martijn.cuppens/workspace/bootstrap/js/src/button.js
FN:50,(anonymous_0)
FN:56,(anonymous_1)
FN:62,(anonymous_2)
FN:112,(anonymous_3)
FN:119,(anonymous_4)
FN:120,(anonymous_5)
FN:142,(anonymous_6)
FN:153,(anonymous_7)
FN:166,(anonymous_8)
FNF:9
FNH:9
FNDA:13,(anonymous_0)
FNDA:1,(anonymous_1)
FNDA:12,(anonymous_2)
FNDA:1,(anonymous_3)
FNDA:14,(anonymous_4)
FNDA:14,(anonymous_5)
FNDA:9,(anonymous_6)
FNDA:10,(anonymous_7)
FNDA:14,(anonymous_8)
DA:16,1
DA:17,1
DA:18,1
DA:19,1
DA:20,1
DA:21,1
DA:23,1
DA:29,1
DA:37,1
DA:51,13
DA:57,1
DA:63,12
DA:64,12
DA:65,12
DA:69,12
DA:70,8
DA:72,8
DA:73,7
DA:74,4
DA:76,1
DA:78,3
DA:80,3
DA:81,2
DA:86,7
DA:87,6
DA:91,1
DA:93,5
DA:94,5
DA:97,6
DA:98,6
DA:102,11
DA:103,5
DA:107,11
DA:108,10
DA:113,1
DA:114,1
DA:120,14
DA:121,14
DA:123,14
DA:124,13
DA:125,13
DA:128,14
DA:129,12
DA:141,1
DA:143,9
DA:145,9
DA:147,9
DA:148,6
DA:151,9
DA:154,10
DA:155,10
DA:164,1
DA:165,1
DA:166,1
DA:167,14
DA:168,14
LF:56
LH:56
BRDA:69,0,0,8
BRDA:69,0,1,4
BRDA:72,1,0,7
BRDA:72,1,1,1
BRDA:73,2,0,4
BRDA:73,2,1,3
BRDA:74,3,0,1
BRDA:74,3,1,3
BRDA:74,4,0,4
BRDA:74,4,1,1
BRDA:80,5,0,2
BRDA:80,5,1,1
BRDA:86,6,0,6
BRDA:86,6,1,1
BRDA:87,7,0,1
BRDA:87,7,1,5
BRDA:87,8,0,6
BRDA:87,8,1,5
BRDA:87,8,2,5
BRDA:87,8,3,5
BRDA:102,9,0,5
BRDA:102,9,1,6
BRDA:107,10,0,10
BRDA:107,10,1,1
BRDA:123,11,0,13
BRDA:123,11,1,1
BRDA:128,12,0,12
BRDA:128,12,1,2
BRDA:147,13,0,6
BRDA:147,13,1,3
BRF:30
BRH:30
end_of_record
TN:
SF:/Users/martijn.cuppens/workspace/bootstrap/js/src/carousel.js
FN:103,(anonymous_0)
FN:124,(anonymous_1)
FN:128,(anonymous_2)
FN:134,(anonymous_3)
FN:140,(anonymous_4)
FN:149,(anonymous_5)
FN:155,(anonymous_6)
FN:169,(anonymous_7)
FN:187,(anonymous_8)
FN:197,(anonymous_9)
FN:214,(anonymous_10)
FN:230,(anonymous_11)
FN:239,(anonymous_12)
FN:259,(anonymous_13)
FN:262,(anonymous_14)
FN:267,(anonymous_15)
FN:268,(anonymous_16)
FN:274,(anonymous_17)
FN:279,(anonymous_18)
FN:287,(anonymous_19)
FN:296,(anonymous_20)
FN:315,(anonymous_21)
FN:319,(anonymous_22)
FN:321,(anonymous_23)
FN:322,(anonymous_24)
FN:326,(anonymous_25)
FN:327,(anonymous_26)
FN:328,(anonymous_27)
FN:332,(anonymous_28)
FN:350,(anonymous_29)
FN:357,(anonymous_30)
FN:376,(anonymous_31)
FN:391,(anonymous_32)
FN:407,(anonymous_33)
FN:478,(anonymous_34)
FN:487,(anonymous_35)
FN:505,(anonymous_36)
FN:506,(anonymous_37)
FN:541,(anonymous_38)
FN:583,(anonymous_39)
FN:599,(anonymous_40)
FNF:41
FNH:37
FNDA:40,(anonymous_0)
FNDA:1,(anonymous_1)
FNDA:1,(anonymous_2)
FNDA:20,(anonymous_3)
FNDA:621,(anonymous_4)
FNDA:11,(anonymous_5)
FNDA:16,(anonymous_6)
FNDA:15,(anonymous_7)
FNDA:4,(anonymous_8)
FNDA:0,(anonymous_9)
FNDA:2,(anonymous_10)
FNDA:40,(anonymous_11)
FNDA:6,(anonymous_12)
FNDA:38,(anonymous_13)
FNDA:10,(anonymous_14)
FNDA:0,(anonymous_15)
FNDA:0,(anonymous_16)
FNDA:38,(anonymous_17)
FNDA:6,(anonymous_18)
FNDA:92,(anonymous_19)
FNDA:6,(anonymous_20)
FNDA:5,(anonymous_21)
FNDA:0,(anonymous_22)
FNDA:2,(anonymous_23)
FNDA:2,(anonymous_24)
FNDA:4,(anonymous_25)
FNDA:92,(anonymous_26)
FNDA:4,(anonymous_27)
FNDA:10,(anonymous_28)
FNDA:166,(anonymous_29)
FNDA:27,(anonymous_30)
FNDA:31,(anonymous_31)
FNDA:28,(anonymous_32)
FNDA:33,(anonymous_33)
FNDA:14,(anonymous_34)
FNDA:14,(anonymous_35)
FNDA:53,(anonymous_36)
FNDA:53,(anonymous_37)
FNDA:4,(anonymous_38)
FNDA:3,(anonymous_39)
FNDA:36,(anonymous_40)
DA:17,1
DA:18,1
DA:19,1
DA:20,1
DA:21,1
DA:22,1
DA:23,1
DA:24,1
DA:25,1
DA:26,1
DA:28,1
DA:37,1
DA:46,1
DA:53,1
DA:69,1
DA:81,1
DA:92,1
DA:104,40
DA:105,40
DA:106,40
DA:107,40
DA:108,40
DA:109,40
DA:110,40
DA:111,40
DA:113,40
DA:114,38
DA:115,38
DA:116,38
DA:117,38
DA:119,38
DA:125,1
DA:129,1
DA:135,20
DA:136,19
DA:143,621
DA:145,1
DA:150,11
DA:151,10
DA:156,16
DA:157,16
DA:160,16
DA:161,0
DA:162,0
DA:165,16
DA:166,16
DA:170,15
DA:171,15
DA:174,15
DA:175,0
DA:176,0
DA:179,15
DA:180,10
DA:188,4
DA:190,4
DA:192,4
DA:193,0
DA:196,4
DA:197,0
DA:198,0
DA:201,4
DA:202,0
DA:203,0
DA:204,0
DA:207,4
DA:211,4
DA:215,2
DA:216,2
DA:218,2
DA:219,2
DA:220,2
DA:221,2
DA:222,2
DA:223,2
DA:224,2
DA:225,2
DA:231,40
DA:235,40
DA:236,38
DA:240,6
DA:242,6
DA:243,2
DA:246,4
DA:249,4
DA:250,2
DA:254,4
DA:255,2
DA:260,38
DA:261,37
DA:262,10
DA:265,38
DA:266,38
DA:267,0
DA:268,0
DA:271,38
DA:275,38
DA:276,33
DA:279,5
DA:280,6
DA:281,2
DA:282,4
DA:283,4
DA:287,5
DA:289,92
DA:290,46
DA:292,46
DA:296,5
DA:297,6
DA:298,2
DA:301,6
DA:302,6
DA:311,6
DA:312,6
DA:313,1
DA:315,6
DA:319,5
DA:320,5
DA:321,2
DA:322,2
DA:324,2
DA:326,4
DA:327,92
DA:328,4
DA:333,10
DA:334,6
DA:337,4
DA:339,1
DA:340,1
DA:341,1
DA:343,1
DA:344,1
DA:345,1
DA:351,166
DA:354,166
DA:358,27
DA:359,27
DA:360,27
DA:361,27
DA:362,27
DA:365,27
DA:366,2
DA:369,25
DA:370,25
DA:372,25
DA:377,31
DA:378,31
DA:379,31
DA:386,31
DA:388,31
DA:392,28
DA:393,7
DA:394,7
DA:397,7
DA:401,7
DA:402,7
DA:408,33
DA:409,33
DA:410,33
DA:412,33
DA:413,33
DA:419,33
DA:420,23
DA:421,23
DA:422,23
DA:424,10
DA:425,10
DA:426,10
DA:429,33
DA:430,2
DA:431,2
DA:434,31
DA:435,31
DA:436,2
DA:439,29
DA:441,1
DA:444,28
DA:446,28
DA:447,2
DA:450,28
DA:452,28
DA:459,28
DA:460,20
DA:462,20
DA:464,20
DA:465,20
DA:467,20
DA:468,20
DA:469,1
DA:470,1
DA:472,19
DA:475,20
DA:477,20
DA:479,14
DA:483,14
DA:485,14
DA:487,14
DA:491,8
DA:492,8
DA:494,8
DA:495,8
DA:498,28
DA:499,2
DA:506,53
DA:507,53
DA:508,53
DA:513,53
DA:514,6
DA:520,53
DA:522,53
DA:523,40
DA:524,38
DA:527,51
DA:528,4
DA:529,47
DA:530,26
DA:531,1
DA:533,25
DA:534,21
DA:535,8
DA:536,8
DA:542,4
DA:544,4
DA:545,0
DA:548,4
DA:550,4
DA:551,0
DA:554,4
DA:558,4
DA:560,4
DA:561,0
DA:564,4
DA:566,4
DA:567,0
DA:570,4
DA:580,1
DA:583,1
DA:584,3
DA:585,3
DA:586,0
DA:587,0
DA:597,1
DA:598,1
DA:599,1
DA:600,36
DA:601,36
LF:245
LH:227
BRDA:116,0,0,38
BRDA:116,0,1,33
BRDA:117,1,0,38
BRDA:117,1,1,3
BRDA:135,2,0,19
BRDA:135,2,1,1
BRDA:143,3,0,1
BRDA:143,3,1,620
BRDA:143,4,0,621
BRDA:143,4,1,621
BRDA:143,4,2,2
BRDA:150,5,0,10
BRDA:150,5,1,1
BRDA:156,6,0,16
BRDA:156,6,1,0
BRDA:160,7,0,0
BRDA:160,7,1,16
BRDA:170,8,0,15
BRDA:170,8,1,0
BRDA:174,9,0,0
BRDA:174,9,1,15
BRDA:179,10,0,10
BRDA:179,10,1,5
BRDA:179,11,0,15
BRDA:179,11,1,10
BRDA:181,12,0,10
BRDA:181,12,1,0
BRDA:192,13,0,0
BRDA:192,13,1,4
BRDA:192,14,0,4
BRDA:192,14,1,4
BRDA:196,15,0,0
BRDA:196,15,1,4
BRDA:201,16,0,0
BRDA:201,16,1,4
BRDA:207,17,0,4
BRDA:207,17,1,0
BRDA:242,18,0,2
BRDA:242,18,1,4
BRDA:249,19,0,2
BRDA:249,19,1,2
BRDA:254,20,0,2
BRDA:254,20,1,2
BRDA:260,21,0,37
BRDA:260,21,1,1
BRDA:265,22,0,38
BRDA:265,22,1,0
BRDA:275,23,0,33
BRDA:275,23,1,5
BRDA:280,24,0,2
BRDA:280,24,1,4
BRDA:280,25,0,6
BRDA:280,25,1,2
BRDA:282,26,0,4
BRDA:282,26,1,0
BRDA:289,27,0,46
BRDA:289,27,1,46
BRDA:289,28,0,92
BRDA:289,28,1,92
BRDA:297,29,0,2
BRDA:297,29,1,4
BRDA:297,30,0,6
BRDA:297,30,1,2
BRDA:302,31,0,6
BRDA:302,31,1,0
BRDA:312,32,0,1
BRDA:312,32,1,5
BRDA:320,33,0,2
BRDA:320,33,1,3
BRDA:333,34,0,6
BRDA:333,34,1,4
BRDA:337,35,0,1
BRDA:337,35,1,1
BRDA:337,35,2,2
BRDA:351,36,0,158
BRDA:351,36,1,8
BRDA:351,37,0,166
BRDA:351,37,1,158
BRDA:362,38,0,27
BRDA:362,38,1,10
BRDA:362,38,2,21
BRDA:362,38,3,17
BRDA:365,39,0,2
BRDA:365,39,1,25
BRDA:365,40,0,27
BRDA:365,40,1,8
BRDA:369,41,0,9
BRDA:369,41,1,16
BRDA:372,42,0,5
BRDA:372,42,1,20
BRDA:392,43,0,7
BRDA:392,43,1,21
BRDA:401,44,0,7
BRDA:401,44,1,0
BRDA:410,45,0,33
BRDA:410,45,1,29
BRDA:410,45,2,27
BRDA:419,46,0,23
BRDA:419,46,1,10
BRDA:429,47,0,2
BRDA:429,47,1,31
BRDA:429,48,0,33
BRDA:429,48,1,31
BRDA:435,49,0,2
BRDA:435,49,1,29
BRDA:439,50,0,1
BRDA:439,50,1,28
BRDA:439,51,0,29
BRDA:439,51,1,28
BRDA:446,52,0,2
BRDA:446,52,1,26
BRDA:459,53,0,20
BRDA:459,53,1,8
BRDA:468,54,0,1
BRDA:468,54,1,19
BRDA:469,55,0,1
BRDA:469,55,1,1
BRDA:472,56,0,19
BRDA:472,56,1,19
BRDA:498,57,0,2
BRDA:498,57,1,26
BRDA:513,58,0,6
BRDA:513,58,1,47
BRDA:520,59,0,22
BRDA:520,59,1,31
BRDA:522,60,0,40
BRDA:522,60,1,13
BRDA:527,61,0,4
BRDA:527,61,1,47
BRDA:529,62,0,26
BRDA:529,62,1,21
BRDA:530,63,0,1
BRDA:530,63,1,25
BRDA:534,64,0,8
BRDA:534,64,1,13
BRDA:544,65,0,0
BRDA:544,65,1,4
BRDA:550,66,0,0
BRDA:550,66,1,4
BRDA:550,67,0,4
BRDA:550,67,1,4
BRDA:560,68,0,0
BRDA:560,68,1,4
BRDA:566,69,0,0
BRDA:566,69,1,4
BRF:145
BRH:128
end_of_record
TN:
SF:/Users/martijn.cuppens/workspace/bootstrap/js/src/collapse.js
FN:66,(anonymous_0)
FN:80,(anonymous_1)
FN:101,(anonymous_2)
FN:105,(anonymous_3)
FN:111,(anonymous_4)
FN:119,(anonymous_5)
FN:130,(anonymous_6)
FN:179,(anonymous_7)
FN:203,(anonymous_8)
FN:244,(anonymous_9)
FN:260,(anonymous_10)
FN:264,(anonymous_11)
FN:276,(anonymous_12)
FN:286,(anonymous_13)
FN:291,(anonymous_14)
FN:309,(anonymous_15)
FN:319,(anonymous_16)
FN:331,(anonymous_17)
FN:336,(anonymous_18)
FN:337,(anonymous_19)
FN:371,(anonymous_20)
FN:381,(anonymous_21)
FN:397,(anonymous_22)
FNF:23
FNH:18
FNDA:59,(anonymous_0)
FNDA:110,(anonymous_1)
FNDA:0,(anonymous_2)
FNDA:0,(anonymous_3)
FNDA:41,(anonymous_4)
FNDA:41,(anonymous_5)
FNDA:18,(anonymous_6)
FNDA:36,(anonymous_7)
FNDA:27,(anonymous_8)
FNDA:23,(anonymous_9)
FNDA:120,(anonymous_10)
FNDA:0,(anonymous_11)
FNDA:59,(anonymous_12)
FNDA:61,(anonymous_13)
FNDA:29,(anonymous_14)
FNDA:0,(anonymous_15)
FNDA:30,(anonymous_16)
FNDA:0,(anonymous_17)
FNDA:69,(anonymous_18)
FNDA:71,(anonymous_19)
FNDA:31,(anonymous_20)
FNDA:36,(anonymous_21)
FNDA:39,(anonymous_22)
DA:17,1
DA:18,1
DA:19,1
DA:20,1
DA:21,1
DA:22,1
DA:24,1
DA:29,1
DA:34,1
DA:42,1
DA:49,1
DA:54,1
DA:67,59
DA:68,59
DA:69,59
DA:70,59
DA:75,59
DA:76,59
DA:77,96
DA:78,96
DA:79,96
DA:80,110
DA:82,96
DA:83,51
DA:84,51
DA:88,59
DA:90,59
DA:91,30
DA:94,59
DA:95,36
DA:102,0
DA:106,0
DA:112,41
DA:113,8
DA:115,33
DA:120,41
DA:122,1
DA:128,40
DA:129,19
DA:131,18
DA:132,17
DA:135,1
DA:138,19
DA:139,5
DA:143,40
DA:144,14
DA:145,14
DA:146,1
DA:150,39
DA:151,39
DA:152,39
DA:153,1
DA:156,38
DA:157,13
DA:158,13
DA:159,9
DA:163,38
DA:165,38
DA:169,38
DA:171,38
DA:172,30
DA:177,38
DA:179,38
DA:180,36
DA:185,36
DA:187,36
DA:189,36
DA:192,38
DA:193,38
DA:194,38
DA:196,38
DA:200,38
DA:204,27
DA:206,4
DA:209,23
DA:210,23
DA:211,23
DA:212,0
DA:215,23
DA:217,23
DA:219,23
DA:221,23
DA:226,23
DA:227,23
DA:228,20
DA:229,46
DA:230,46
DA:232,46
DA:233,46
DA:234,46
DA:235,43
DA:242,23
DA:244,23
DA:245,23
DA:246,23
DA:252,23
DA:253,23
DA:255,23
DA:261,120
DA:265,0
DA:267,0
DA:268,0
DA:269,0
DA:270,0
DA:271,0
DA:277,59
DA:281,59
DA:282,59
DA:283,59
DA:287,61
DA:288,61
DA:294,29
DA:295,4
DA:298,4
DA:299,3
DA:302,25
DA:306,29
DA:308,29
DA:309,29
DA:310,0
DA:316,29
DA:320,30
DA:322,30
DA:323,18
DA:332,0
DA:333,0
DA:337,69
DA:338,71
DA:339,71
DA:340,71
DA:346,71
DA:347,21
DA:350,71
DA:351,59
DA:352,59
DA:355,71
DA:356,33
DA:357,1
DA:359,32
DA:371,1
DA:373,31
DA:374,29
DA:377,31
DA:378,31
DA:379,31
DA:381,31
DA:382,36
DA:383,36
DA:384,36
DA:385,36
DA:395,1
DA:396,1
DA:397,1
DA:398,39
DA:399,39
LF:155
LH:143
BRDA:82,0,0,51
BRDA:82,0,1,45
BRDA:82,1,0,96
BRDA:82,1,1,90
BRDA:88,2,0,29
BRDA:88,2,1,30
BRDA:90,3,0,30
BRDA:90,3,1,29
BRDA:94,4,0,36
BRDA:94,4,1,23
BRDA:112,5,0,8
BRDA:112,5,1,33
BRDA:120,6,0,1
BRDA:120,6,1,40
BRDA:120,7,0,41
BRDA:120,7,1,41
BRDA:128,8,0,19
BRDA:128,8,1,21
BRDA:131,9,0,17
BRDA:131,9,1,1
BRDA:138,10,0,5
BRDA:138,10,1,14
BRDA:143,11,0,14
BRDA:143,11,1,26
BRDA:145,12,0,1
BRDA:145,12,1,13
BRDA:145,13,0,14
BRDA:145,13,1,5
BRDA:152,14,0,1
BRDA:152,14,1,38
BRDA:156,15,0,13
BRDA:156,15,1,25
BRDA:158,16,0,9
BRDA:158,16,1,4
BRDA:171,17,0,30
BRDA:171,17,1,8
BRDA:204,18,0,4
BRDA:204,18,1,23
BRDA:204,19,0,27
BRDA:204,19,1,27
BRDA:211,20,0,0
BRDA:211,20,1,23
BRDA:227,21,0,20
BRDA:227,21,1,3
BRDA:232,22,0,46
BRDA:232,22,1,0
BRDA:234,23,0,43
BRDA:234,23,1,3
BRDA:288,24,0,0
BRDA:288,24,1,61
BRDA:294,25,0,4
BRDA:294,25,1,25
BRDA:298,26,0,3
BRDA:298,26,1,1
BRDA:322,27,0,18
BRDA:322,27,1,12
BRDA:333,28,0,0
BRDA:333,28,1,0
BRDA:343,29,0,36
BRDA:343,29,1,35
BRDA:343,30,0,71
BRDA:343,30,1,36
BRDA:346,31,0,21
BRDA:346,31,1,50
BRDA:346,32,0,71
BRDA:346,32,1,59
BRDA:346,32,2,57
BRDA:350,33,0,59
BRDA:350,33,1,12
BRDA:355,34,0,33
BRDA:355,34,1,38
BRDA:356,35,0,1
BRDA:356,35,1,32
BRDA:373,36,0,29
BRDA:373,36,1,2
BRDA:384,37,0,4
BRDA:384,37,1,32
BRF:77
BRH:72
end_of_record
TN:
SF:/Users/martijn.cuppens/workspace/bootstrap/js/src/dropdown.js
FN:96,(anonymous_0)
FN:108,(anonymous_1)
FN:112,(anonymous_2)
FN:116,(anonymous_3)
FN:122,(anonymous_4)
FN:197,(anonymous_5)
FN:220,(anonymous_6)
FN:243,(anonymous_7)
FN:254,(anonymous_8)
FN:263,(anonymous_9)
FN:264,(anonymous_10)
FN:271,(anonymous_11)
FN:287,(anonymous_12)
FN:298,(anonymous_13)
FN:318,(anonymous_14)
FN:322,(anonymous_15)
FN:325,(anonymous_16)
FN:360,(anonymous_17)
FN:361,(anonymous_18)
FN:379,(anonymous_19)
FN:434,(anonymous_20)
FN:446,(anonymous_21)
FN:515,(anonymous_22)
FN:520,(anonymous_23)
FN:532,(anonymous_24)
FNF:25
FNH:22
FNDA:47,(anonymous_0)
FNDA:0,(anonymous_1)
FNDA:47,(anonymous_2)
FNDA:47,(anonymous_3)
FNDA:42,(anonymous_4)
FNDA:4,(anonymous_5)
FNDA:3,(anonymous_6)
FNDA:2,(anonymous_7)
FNDA:2,(anonymous_8)
FNDA:47,(anonymous_9)
FNDA:34,(anonymous_10)
FNDA:47,(anonymous_11)
FNDA:47,(anonymous_12)
FNDA:34,(anonymous_13)
FNDA:49,(anonymous_14)
FNDA:34,(anonymous_15)
FNDA:0,(anonymous_16)
FNDA:48,(anonymous_17)
FNDA:48,(anonymous_18)
FNDA:144,(anonymous_19)
FNDA:165,(anonymous_20)
FNDA:23,(anonymous_21)
FNDA:4,(anonymous_22)
FNDA:0,(anonymous_23)
FNDA:44,(anonymous_24)
DA:18,1
DA:19,1
DA:20,1
DA:21,1
DA:22,1
DA:23,1
DA:24,1
DA:25,1
DA:26,1
DA:27,1
DA:28,1
DA:29,1
DA:30,1
DA:32,1
DA:43,1
DA:54,1
DA:62,1
DA:73,1
DA:81,1
DA:97,47
DA:98,47
DA:99,47
DA:100,47
DA:101,47
DA:103,47
DA:109,0
DA:113,47
DA:117,47
DA:123,42
DA:124,2
DA:127,40
DA:128,40
DA:130,40
DA:132,40
DA:133,5
DA:136,35
DA:139,35
DA:141,35
DA:143,35
DA:144,0
DA:148,35
DA:153,34
DA:154,0
DA:157,34
DA:159,34
DA:160,0
DA:161,34
DA:162,0
DA:165,0
DA:166,0
DA:173,34
DA:174,1
DA:176,34
DA:183,35
DA:185,0
DA:188,35
DA:189,35
DA:191,35
DA:192,35
DA:198,4
DA:199,1
DA:202,3
DA:205,3
DA:206,3
DA:208,3
DA:210,3
DA:211,1
DA:214,2
DA:215,2
DA:221,3
DA:222,1
DA:225,2
DA:228,2
DA:229,2
DA:231,2
DA:233,2
DA:234,1
DA:237,1
DA:238,1
DA:244,2
DA:245,2
DA:246,2
DA:247,2
DA:248,2
DA:249,1
DA:250,1
DA:255,2
DA:256,2
DA:257,1
DA:264,47
DA:265,34
DA:266,34
DA:267,34
DA:272,47
DA:278,47
DA:284,47
DA:288,47
DA:289,47
DA:291,47
DA:292,45
DA:295,47
DA:299,34
DA:300,34
DA:303,34
DA:304,0
DA:305,0
DA:306,0
DA:308,34
DA:309,0
DA:310,34
DA:311,0
DA:312,34
DA:313,0
DA:315,34
DA:319,49
DA:323,34
DA:324,34
DA:325,0
DA:326,0
DA:330,0
DA:333,34
DA:336,34
DA:350,34
DA:351,1
DA:355,34
DA:361,48
DA:362,48
DA:363,48
DA:365,48
DA:366,47
DA:367,47
DA:370,48
DA:371,7
DA:372,1
DA:374,6
DA:380,144
DA:382,1
DA:385,143
DA:387,143
DA:388,60
DA:389,60
DA:390,60
DA:394,60
DA:395,14
DA:398,60
DA:399,3
DA:402,57
DA:403,57
DA:404,38
DA:407,19
DA:410,2
DA:413,17
DA:414,17
DA:415,17
DA:416,0
DA:421,17
DA:422,0
DA:425,17
DA:427,17
DA:428,17
DA:436,165
DA:438,165
DA:439,12
DA:442,165
DA:454,23
DA:458,10
DA:461,13
DA:462,13
DA:464,13
DA:465,0
DA:468,13
DA:469,13
DA:471,13
DA:472,4
DA:473,4
DA:474,4
DA:477,4
DA:478,4
DA:481,9
DA:483,9
DA:484,0
DA:487,9
DA:489,9
DA:490,1
DA:493,9
DA:494,6
DA:497,9
DA:498,2
DA:501,9
DA:511,1
DA:516,4
DA:517,4
DA:518,4
DA:521,0
DA:530,1
DA:531,1
DA:532,1
DA:533,44
DA:534,44
LF:199
LH:177
BRDA:123,0,0,2
BRDA:123,0,1,40
BRDA:123,1,0,42
BRDA:123,1,1,41
BRDA:132,2,0,5
BRDA:132,2,1,35
BRDA:143,3,0,0
BRDA:143,3,1,35
BRDA:148,4,0,34
BRDA:148,4,1,1
BRDA:153,5,0,0
BRDA:153,5,1,34
BRDA:159,6,0,0
BRDA:159,6,1,34
BRDA:161,7,0,0
BRDA:161,7,1,34
BRDA:165,8,0,0
BRDA:165,8,1,0
BRDA:173,9,0,1
BRDA:173,9,1,33
BRDA:183,10,0,0
BRDA:183,10,1,35
BRDA:183,11,0,35
BRDA:183,11,1,0
BRDA:198,12,0,1
BRDA:198,12,1,3
BRDA:198,13,0,4
BRDA:198,13,1,4
BRDA:198,13,2,4
BRDA:210,14,0,1
BRDA:210,14,1,2
BRDA:221,15,0,1
BRDA:221,15,1,2
BRDA:221,16,0,3
BRDA:221,16,1,3
BRDA:221,16,2,3
BRDA:233,17,0,1
BRDA:233,17,1,1
BRDA:248,18,0,1
BRDA:248,18,1,1
BRDA:256,19,0,1
BRDA:256,19,1,1
BRDA:288,20,0,47
BRDA:288,20,1,0
BRDA:291,21,0,45
BRDA:291,21,1,2
BRDA:303,22,0,0
BRDA:303,22,1,34
BRDA:305,23,0,0
BRDA:305,23,1,0
BRDA:308,24,0,0
BRDA:308,24,1,34
BRDA:310,25,0,0
BRDA:310,25,1,34
BRDA:312,26,0,0
BRDA:312,26,1,34
BRDA:324,27,0,0
BRDA:324,27,1,34
BRDA:328,28,0,0
BRDA:328,28,1,0
BRDA:350,29,0,1
BRDA:350,29,1,33
BRDA:363,30,0,0
BRDA:363,30,1,48
BRDA:365,31,0,47
BRDA:365,31,1,1
BRDA:370,32,0,7
BRDA:370,32,1,41
BRDA:371,33,0,1
BRDA:371,33,1,6
BRDA:380,34,0,1
BRDA:380,34,1,143
BRDA:380,35,0,144
BRDA:380,35,1,104
BRDA:380,35,2,104
BRDA:380,35,3,4
BRDA:394,36,0,14
BRDA:394,36,1,46
BRDA:394,37,0,60
BRDA:394,37,1,19
BRDA:398,38,0,3
BRDA:398,38,1,57
BRDA:403,39,0,38
BRDA:403,39,1,19
BRDA:407,40,0,2
BRDA:407,40,1,17
BRDA:407,41,0,19
BRDA:407,41,1,14
BRDA:407,41,2,11
BRDA:407,41,3,12
BRDA:407,41,4,3
BRDA:407,41,5,5
BRDA:415,42,0,0
BRDA:415,42,1,17
BRDA:421,43,0,0
BRDA:421,43,1,17
BRDA:438,44,0,12
BRDA:438,44,1,153
BRDA:442,45,0,165
BRDA:442,45,1,153
BRDA:454,46,0,10
BRDA:454,46,1,13
BRDA:454,47,0,17
BRDA:454,47,1,6
BRDA:455,48,0,17
BRDA:455,48,1,13
BRDA:455,48,2,10
BRDA:455,48,3,6
BRDA:455,48,4,10
BRDA:464,49,0,0
BRDA:464,49,1,13
BRDA:464,50,0,13
BRDA:464,50,1,13
BRDA:471,51,0,4
BRDA:471,51,1,9
BRDA:471,52,0,13
BRDA:471,52,1,13
BRDA:471,52,2,13
BRDA:471,52,3,9
BRDA:472,53,0,4
BRDA:472,53,1,0
BRDA:483,54,0,0
BRDA:483,54,1,9
BRDA:489,55,0,1
BRDA:489,55,1,8
BRDA:489,56,0,9
BRDA:489,56,1,3
BRDA:493,57,0,6
BRDA:493,57,1,3
BRDA:493,58,0,9
BRDA:493,58,1,6
BRDA:497,59,0,2
BRDA:497,59,1,7
BRF:133
BRH:109
end_of_record
TN:
SF:/Users/martijn.cuppens/workspace/bootstrap/js/src/modal.js
FN:76,(anonymous_0)
FN:90,(anonymous_1)
FN:94,(anonymous_2)
FN:100,(anonymous_3)
FN:104,(anonymous_4)
FN:136,(anonymous_5)
FN:139,(anonymous_6)
FN:140,(anonymous_7)
FN:147,(anonymous_8)
FN:150,(anonymous_9)
FN:189,(anonymous_10)
FN:196,(anonymous_11)
FN:198,(anonymous_12)
FN:220,(anonymous_13)
FN:226,(anonymous_14)
FN:235,(anonymous_15)
FN:263,(anonymous_16)
FN:282,(anonymous_17)
FN:285,(anonymous_18)
FN:294,(anonymous_19)
FN:296,(anonymous_20)
FN:307,(anonymous_21)
FN:309,(anonymous_22)
FN:315,(anonymous_23)
FN:320,(anonymous_24)
FN:328,(anonymous_25)
FN:335,(anonymous_26)
FN:349,(anonymous_27)
FN:387,(anonymous_28)
FN:413,(anonymous_29)
FN:426,(anonymous_30)
FN:431,(anonymous_31)
FN:437,(anonymous_32)
FN:445,(anonymous_33)
FN:454,(anonymous_34)
FN:473,(anonymous_35)
FN:476,(anonymous_36)
FN:484,(anonymous_37)
FN:497,(anonymous_38)
FN:508,(anonymous_39)
FN:509,(anonymous_40)
FN:540,(anonymous_41)
FN:558,(anonymous_42)
FN:564,(anonymous_43)
FN:582,(anonymous_44)
FNF:45
FNH:39
FNDA:38,(anonymous_0)
FNDA:0,(anonymous_1)
FNDA:1,(anonymous_2)
FNDA:3,(anonymous_3)
FNDA:41,(anonymous_4)
FNDA:5,(anonymous_5)
FNDA:0,(anonymous_6)
FNDA:0,(anonymous_7)
FNDA:38,(anonymous_8)
FNDA:27,(anonymous_9)
FNDA:0,(anonymous_10)
FNDA:1,(anonymous_11)
FNDA:3,(anonymous_12)
FNDA:0,(anonymous_13)
FNDA:38,(anonymous_14)
FNDA:38,(anonymous_15)
FNDA:38,(anonymous_16)
FNDA:38,(anonymous_17)
FNDA:2,(anonymous_18)
FNDA:65,(anonymous_19)
FNDA:1,(anonymous_20)
FNDA:65,(anonymous_21)
FNDA:0,(anonymous_22)
FNDA:27,(anonymous_23)
FNDA:27,(anonymous_24)
FNDA:26,(anonymous_25)
FNDA:65,(anonymous_26)
FNDA:8,(anonymous_27)
FNDA:26,(anonymous_28)
FNDA:38,(anonymous_29)
FNDA:27,(anonymous_30)
FNDA:38,(anonymous_31)
FNDA:38,(anonymous_32)
FNDA:4,(anonymous_33)
FNDA:2,(anonymous_34)
FNDA:27,(anonymous_35)
FNDA:4,(anonymous_36)
FNDA:2,(anonymous_37)
FNDA:42,(anonymous_38)
FNDA:65,(anonymous_39)
FNDA:63,(anonymous_40)
FNDA:5,(anonymous_41)
FNDA:3,(anonymous_42)
FNDA:1,(anonymous_43)
FNDA:39,(anonymous_44)
DA:17,1
DA:18,1
DA:19,1
DA:20,1
DA:21,1
DA:22,1
DA:23,1
DA:25,1
DA:32,1
DA:39,1
DA:53,1
DA:61,1
DA:77,38
DA:78,38
DA:79,38
DA:80,38
DA:81,38
DA:82,38
DA:83,38
DA:84,38
DA:85,38
DA:91,0
DA:95,1
DA:101,3
DA:105,41
DA:106,1
DA:109,40
DA:110,1
DA:113,40
DA:117,40
DA:119,40
DA:120,2
DA:123,38
DA:125,38
DA:126,38
DA:128,38
DA:130,38
DA:131,38
DA:133,38
DA:136,5
DA:139,38
DA:140,0
DA:141,0
DA:142,0
DA:147,38
DA:151,27
DA:152,5
DA:155,27
DA:156,0
DA:159,27
DA:161,27
DA:163,27
DA:164,0
DA:167,27
DA:168,27
DA:170,27
DA:171,0
DA:174,27
DA:175,27
DA:177,27
DA:179,27
DA:181,27
DA:182,27
DA:185,27
DA:186,0
DA:188,0
DA:189,0
DA:192,27
DA:197,1
DA:198,3
DA:205,1
DA:207,1
DA:209,1
DA:210,1
DA:211,1
DA:212,1
DA:213,1
DA:214,1
DA:215,1
DA:216,1
DA:217,1
DA:221,0
DA:227,38
DA:231,38
DA:232,38
DA:236,38
DA:238,38
DA:241,28
DA:244,38
DA:245,38
DA:246,38
DA:247,38
DA:249,38
DA:250,1
DA:253,38
DA:255,38
DA:256,38
DA:259,38
DA:263,38
DA:264,38
DA:265,38
DA:267,38
DA:268,38
DA:271,38
DA:272,1
DA:274,1
DA:278,37
DA:283,38
DA:286,2
DA:289,1
DA:295,65
DA:296,38
DA:297,1
DA:298,1
DA:299,1
DA:302,27
DA:303,27
DA:308,65
DA:309,38
DA:311,27
DA:316,27
DA:317,27
DA:318,27
DA:319,27
DA:320,27
DA:321,27
DA:322,27
DA:323,27
DA:324,27
DA:329,26
DA:330,26
DA:331,26
DA:336,65
DA:339,65
DA:340,36
DA:341,36
DA:343,36
DA:344,1
DA:347,36
DA:349,36
DA:350,8
DA:351,0
DA:352,0
DA:354,8
DA:355,6
DA:357,2
DA:358,0
DA:360,2
DA:364,36
DA:365,1
DA:368,36
DA:370,36
DA:371,0
DA:374,36
DA:375,35
DA:376,35
DA:379,1
DA:381,1
DA:384,29
DA:385,26
DA:387,26
DA:388,26
DA:389,26
DA:390,26
DA:394,26
DA:395,0
DA:397,0
DA:401,26
DA:403,3
DA:404,3
DA:415,38
DA:417,38
DA:418,0
DA:421,38
DA:422,37
DA:427,27
DA:428,27
DA:432,38
DA:433,38
DA:434,38
DA:438,38
DA:441,37
DA:442,37
DA:445,37
DA:446,4
DA:447,4
DA:448,4
DA:454,37
DA:455,2
DA:456,2
DA:457,2
DA:463,37
DA:464,37
DA:465,37
DA:470,38
DA:475,27
DA:476,27
DA:477,4
DA:478,4
DA:479,4
DA:483,27
DA:484,27
DA:485,2
DA:486,2
DA:487,2
DA:492,27
DA:493,27
DA:494,27
DA:498,42
DA:499,42
DA:500,42
DA:501,42
DA:502,42
DA:503,42
DA:509,65
DA:510,63
DA:511,63
DA:517,63
DA:518,38
DA:519,38
DA:522,63
DA:523,57
DA:524,1
DA:526,56
DA:527,6
DA:528,5
DA:540,1
DA:542,5
DA:544,5
DA:545,3
DA:548,5
DA:554,5
DA:555,1
DA:558,5
DA:559,3
DA:561,1
DA:564,2
DA:565,1
DA:566,1
DA:571,5
DA:580,1
DA:581,1
DA:582,1
DA:583,39
DA:584,39
LF:245
LH:227
BRDA:101,0,0,1
BRDA:101,0,1,2
BRDA:105,1,0,1
BRDA:105,1,1,40
BRDA:105,2,0,41
BRDA:105,2,1,40
BRDA:109,3,0,1
BRDA:109,3,1,39
BRDA:119,4,0,2
BRDA:119,4,1,38
BRDA:119,5,0,40
BRDA:119,5,1,40
BRDA:141,6,0,0
BRDA:141,6,1,0
BRDA:151,7,0,5
BRDA:151,7,1,22
BRDA:155,8,0,0
BRDA:155,8,1,27
BRDA:155,9,0,27
BRDA:155,9,1,27
BRDA:163,10,0,0
BRDA:163,10,1,27
BRDA:163,11,0,27
BRDA:163,11,1,27
BRDA:170,12,0,0
BRDA:170,12,1,27
BRDA:185,13,0,0
BRDA:185,13,1,27
BRDA:238,14,0,28
BRDA:238,14,1,10
BRDA:238,15,0,38
BRDA:238,15,1,38
BRDA:249,16,0,1
BRDA:249,16,1,37
BRDA:255,17,0,38
BRDA:255,17,1,0
BRDA:264,18,0,38
BRDA:264,18,1,0
BRDA:271,19,0,1
BRDA:271,19,1,37
BRDA:286,20,0,1
BRDA:286,20,1,1
BRDA:286,21,0,2
BRDA:286,21,1,2
BRDA:286,21,2,1
BRDA:295,22,0,38
BRDA:295,22,1,27
BRDA:295,23,0,65
BRDA:295,23,1,38
BRDA:297,24,0,1
BRDA:297,24,1,0
BRDA:302,25,0,27
BRDA:302,25,1,0
BRDA:308,26,0,38
BRDA:308,26,1,27
BRDA:329,27,0,26
BRDA:329,27,1,0
BRDA:336,28,0,1
BRDA:336,28,1,64
BRDA:339,29,0,36
BRDA:339,29,1,29
BRDA:339,30,0,65
BRDA:339,30,1,38
BRDA:343,31,0,1
BRDA:343,31,1,35
BRDA:350,32,0,0
BRDA:350,32,1,8
BRDA:354,33,0,6
BRDA:354,33,1,2
BRDA:357,34,0,0
BRDA:357,34,1,2
BRDA:364,35,0,1
BRDA:364,35,1,35
BRDA:370,36,0,0
BRDA:370,36,1,36
BRDA:374,37,0,35
BRDA:374,37,1,1
BRDA:384,38,0,26
BRDA:384,38,1,3
BRDA:384,39,0,29
BRDA:384,39,1,27
BRDA:389,40,0,26
BRDA:389,40,1,0
BRDA:394,41,0,0
BRDA:394,41,1,26
BRDA:403,42,0,3
BRDA:403,42,1,0
BRDA:417,43,0,0
BRDA:417,43,1,38
BRDA:417,44,0,38
BRDA:417,44,1,1
BRDA:421,45,0,37
BRDA:421,45,1,1
BRDA:421,46,0,38
BRDA:421,46,1,37
BRDA:438,47,0,37
BRDA:438,47,1,1
BRDA:479,48,0,1
BRDA:479,48,1,3
BRDA:486,49,0,2
BRDA:486,49,1,0
BRDA:494,50,0,20
BRDA:494,50,1,7
BRDA:514,51,0,3
BRDA:514,51,1,60
BRDA:514,52,0,63
BRDA:514,52,1,3
BRDA:517,53,0,38
BRDA:517,53,1,25
BRDA:522,54,0,57
BRDA:522,54,1,6
BRDA:523,55,0,1
BRDA:523,55,1,56
BRDA:527,56,0,5
BRDA:527,56,1,1
BRDA:544,57,0,3
BRDA:544,57,1,2
BRDA:548,58,0,0
BRDA:548,58,1,5
BRDA:554,59,0,1
BRDA:554,59,1,4
BRDA:554,60,0,5
BRDA:554,60,1,5
BRDA:559,61,0,1
BRDA:559,61,1,2
BRDA:565,62,0,1
BRDA:565,62,1,0
BRF:127
BRH:106
end_of_record
TN:
SF:/Users/martijn.cuppens/workspace/bootstrap/js/src/popover.js
FN:73,(anonymous_0)
FN:77,(anonymous_1)
FN:81,(anonymous_2)
FN:85,(anonymous_3)
FN:89,(anonymous_4)
FN:93,(anonymous_5)
FN:97,(anonymous_6)
FN:103,(anonymous_7)
FN:107,(anonymous_8)
FN:111,(anonymous_9)
FN:116,(anonymous_10)
FN:132,(anonymous_11)
FN:137,(anonymous_12)
FN:147,(anonymous_13)
FN:148,(anonymous_14)
FN:179,(anonymous_15)
FNF:16
FNH:15
FNDA:0,(anonymous_0)
FNDA:35,(anonymous_1)
FNDA:19,(anonymous_2)
FNDA:29,(anonymous_3)
FNDA:96,(anonymous_4)
FNDA:2,(anonymous_5)
FNDA:22,(anonymous_6)
FNDA:20,(anonymous_7)
FNDA:20,(anonymous_8)
FNDA:95,(anonymous_9)
FNDA:19,(anonymous_10)
FNDA:27,(anonymous_11)
FNDA:11,(anonymous_12)
FNDA:49,(anonymous_13)
FNDA:49,(anonymous_14)
FNDA:23,(anonymous_15)
DA:17,1
DA:18,1
DA:19,1
DA:20,1
DA:21,1
DA:22,1
DA:23,1
DA:25,1
DA:36,1
DA:41,1
DA:46,1
DA:51,1
DA:74,0
DA:78,35
DA:82,19
DA:86,29
DA:90,96
DA:94,2
DA:98,22
DA:104,20
DA:108,20
DA:112,95
DA:113,95
DA:117,19
DA:120,19
DA:121,19
DA:122,19
DA:123,7
DA:125,19
DA:127,19
DA:133,27
DA:138,11
DA:139,11
DA:140,11
DA:141,11
DA:148,49
DA:149,49
DA:150,49
DA:152,49
DA:153,1
DA:156,48
DA:157,21
DA:158,21
DA:161,48
DA:162,30
DA:163,1
DA:165,29
DA:177,1
DA:178,1
DA:179,1
DA:180,23
DA:181,23
LF:52
LH:51
BRDA:104,0,0,20
BRDA:104,0,1,8
BRDA:112,1,0,95
BRDA:112,1,1,16
BRDA:122,2,0,7
BRDA:122,2,1,12
BRDA:133,3,0,27
BRDA:133,3,1,21
BRDA:140,4,0,11
BRDA:140,4,1,0
BRDA:140,5,0,11
BRDA:140,5,1,11
BRDA:150,6,0,13
BRDA:150,6,1,36
BRDA:152,7,0,1
BRDA:152,7,1,48
BRDA:152,8,0,49
BRDA:152,8,1,22
BRDA:156,9,0,21
BRDA:156,9,1,27
BRDA:161,10,0,30
BRDA:161,10,1,18
BRDA:162,11,0,1
BRDA:162,11,1,29
BRF:24
BRH:23
end_of_record
TN:
SF:/Users/martijn.cuppens/workspace/bootstrap/js/src/scrollspy.js
FN:72,(anonymous_0)
FN:84,(anonymous_1)
FN:92,(anonymous_2)
FN:96,(anonymous_3)
FN:102,(anonymous_4)
FN:120,(anonymous_5)
FN:140,(anonymous_6)
FN:141,(anonymous_7)
FN:142,(anonymous_8)
FN:148,(anonymous_9)
FN:164,(anonymous_10)
FN:184,(anonymous_11)
FN:189,(anonymous_12)
FN:196,(anonymous_13)
FN:201,(anonymous_14)
FN:240,(anonymous_15)
FN:247,(anonymous_16)
FN:269,(anonymous_17)
FN:271,(anonymous_18)
FN:272,(anonymous_19)
FN:277,(anonymous_20)
FN:278,(anonymous_21)
FN:303,(anonymous_22)
FN:321,(anonymous_23)
FNF:24
FNH:21
FNDA:19,(anonymous_0)
FNDA:30,(anonymous_1)
FNDA:0,(anonymous_2)
FNDA:0,(anonymous_3)
FNDA:19,(anonymous_4)
FNDA:40,(anonymous_5)
FNDA:40,(anonymous_6)
FNDA:25,(anonymous_7)
FNDA:40,(anonymous_8)
FNDA:0,(anonymous_9)
FNDA:19,(anonymous_10)
FNDA:66,(anonymous_11)
FNDA:68,(anonymous_12)
FNDA:49,(anonymous_13)
FNDA:49,(anonymous_14)
FNDA:26,(anonymous_15)
FNDA:78,(anonymous_16)
FNDA:27,(anonymous_17)
FNDA:83,(anonymous_18)
FNDA:14,(anonymous_19)
FNDA:20,(anonymous_20)
FNDA:20,(anonymous_21)
FNDA:3,(anonymous_22)
FNDA:18,(anonymous_23)
DA:17,1
DA:18,1
DA:19,1
DA:20,1
DA:21,1
DA:22,1
DA:24,1
DA:30,1
DA:36,1
DA:42,1
DA:48,1
DA:60,1
DA:73,19
DA:74,19
DA:75,19
DA:76,19
DA:79,19
DA:80,19
DA:81,19
DA:82,19
DA:84,30
DA:86,19
DA:87,19
DA:93,0
DA:97,0
DA:103,19
DA:106,19
DA:109,19
DA:112,19
DA:113,19
DA:115,19
DA:117,19
DA:119,19
DA:122,40
DA:124,40
DA:125,40
DA:128,40
DA:129,40
DA:130,40
DA:132,40
DA:138,0
DA:140,40
DA:141,25
DA:143,40
DA:144,40
DA:149,0
DA:150,0
DA:152,0
DA:153,0
DA:154,0
DA:155,0
DA:156,0
DA:157,0
DA:158,0
DA:159,0
DA:165,19
DA:170,19
DA:171,1
DA:172,1
DA:173,1
DA:174,1
DA:176,1
DA:179,19
DA:181,19
DA:185,66
DA:190,68
DA:197,49
DA:202,49
DA:203,49
DA:204,49
DA:208,49
DA:209,0
DA:212,49
DA:213,1
DA:215,1
DA:216,1
DA:218,1
DA:221,48
DA:222,1
DA:223,1
DA:224,1
DA:227,47
DA:228,47
DA:229,108
DA:234,108
DA:235,25
DA:241,26
DA:243,26
DA:245,26
DA:247,78
DA:249,26
DA:251,26
DA:252,0
DA:253,0
DA:256,26
DA:259,26
DA:261,26
DA:264,26
DA:270,27
DA:271,83
DA:272,14
DA:278,20
DA:279,20
DA:280,20
DA:282,20
DA:283,19
DA:284,19
DA:287,20
DA:288,1
DA:289,1
DA:291,0
DA:303,1
DA:304,3
DA:305,3
DA:307,3
DA:308,2
DA:309,2
DA:319,1
DA:320,1
DA:321,1
DA:322,18
DA:323,18
LF:122
LH:105
BRDA:74,0,0,0
BRDA:74,0,1,19
BRDA:103,1,0,0
BRDA:103,1,1,19
BRDA:106,2,0,15
BRDA:106,2,1,4
BRDA:109,3,0,17
BRDA:109,3,1,2
BRDA:124,4,0,40
BRDA:124,4,1,0
BRDA:128,5,0,40
BRDA:128,5,1,0
BRDA:130,6,0,40
BRDA:130,6,1,0
BRDA:130,7,0,40
BRDA:130,7,1,0
BRDA:167,8,0,17
BRDA:167,8,1,2
BRDA:167,9,0,19
BRDA:167,9,1,17
BRDA:170,10,0,1
BRDA:170,10,1,18
BRDA:172,11,0,1
BRDA:172,11,1,0
BRDA:185,12,0,0
BRDA:185,12,1,66
BRDA:190,13,0,68
BRDA:190,13,1,4
BRDA:197,14,0,0
BRDA:197,14,1,49
BRDA:208,15,0,0
BRDA:208,15,1,49
BRDA:212,16,0,1
BRDA:212,16,1,48
BRDA:215,17,0,1
BRDA:215,17,1,0
BRDA:221,18,0,1
BRDA:221,18,1,47
BRDA:221,19,0,48
BRDA:221,19,1,23
BRDA:221,19,2,1
BRDA:229,20,0,108
BRDA:229,20,1,91
BRDA:229,20,2,57
BRDA:229,20,3,48
BRDA:234,21,0,25
BRDA:234,21,1,83
BRDA:251,22,0,0
BRDA:251,22,1,26
BRDA:280,23,0,20
BRDA:280,23,1,17
BRDA:282,24,0,19
BRDA:282,24,1,1
BRDA:287,25,0,1
BRDA:287,25,1,19
BRDA:288,26,0,1
BRDA:288,26,1,0
BRF:57
BRH:44
end_of_record
TN:
SF:/Users/martijn.cuppens/workspace/bootstrap/js/src/tab.js
FN:57,(anonymous_0)
FN:63,(anonymous_1)
FN:69,(anonymous_2)
FN:116,(anonymous_3)
FN:136,(anonymous_4)
FN:143,(anonymous_5)
FN:150,(anonymous_6)
FN:168,(anonymous_7)
FN:212,(anonymous_8)
FN:213,(anonymous_9)
FN:239,(anonymous_10)
FN:252,(anonymous_11)
FNF:12
FNH:10
FNDA:34,(anonymous_0)
FNDA:0,(anonymous_1)
FNDA:33,(anonymous_2)
FNDA:27,(anonymous_3)
FNDA:0,(anonymous_4)
FNDA:42,(anonymous_5)
FNDA:42,(anonymous_6)
FNDA:42,(anonymous_7)
FNDA:36,(anonymous_8)
FNDA:36,(anonymous_9)
FNDA:7,(anonymous_10)
FNDA:21,(anonymous_11)
DA:17,1
DA:18,1
DA:19,1
DA:20,1
DA:21,1
DA:22,1
DA:24,1
DA:32,1
DA:40,1
DA:58,34
DA:64,0
DA:70,33
DA:74,4
DA:79,29
DA:80,29
DA:82,29
DA:83,28
DA:84,28
DA:85,28
DA:88,29
DA:92,29
DA:96,29
DA:97,10
DA:100,29
DA:102,29
DA:104,2
DA:107,27
DA:108,15
DA:111,27
DA:116,27
DA:117,27
DA:121,27
DA:125,27
DA:126,27
DA:129,27
DA:130,15
DA:132,12
DA:137,0
DA:138,0
DA:144,42
DA:148,42
DA:149,42
DA:150,42
DA:156,42
DA:157,2
DA:159,2
DA:164,40
DA:169,42
DA:170,15
DA:172,15
DA:176,15
DA:177,1
DA:180,15
DA:181,3
DA:185,42
DA:186,42
DA:187,6
DA:190,42
DA:191,42
DA:193,42
DA:194,0
DA:196,0
DA:197,0
DA:199,0
DA:202,0
DA:205,42
DA:206,15
DA:213,36
DA:214,36
DA:215,36
DA:217,36
DA:218,34
DA:219,34
DA:222,36
DA:223,34
DA:224,1
DA:226,33
DA:238,1
DA:240,7
DA:241,7
DA:250,1
DA:251,1
DA:252,1
DA:253,21
DA:254,21
LF:85
LH:77
BRDA:70,0,0,4
BRDA:70,0,1,29
BRDA:70,1,0,33
BRDA:70,1,1,33
BRDA:70,1,2,32
BRDA:70,1,3,30
BRDA:82,2,0,28
BRDA:82,2,1,1
BRDA:83,3,0,21
BRDA:83,3,1,7
BRDA:83,4,0,28
BRDA:83,4,1,9
BRDA:96,5,0,10
BRDA:96,5,1,19
BRDA:102,6,0,2
BRDA:102,6,1,27
BRDA:102,7,0,29
BRDA:102,7,1,28
BRDA:107,8,0,15
BRDA:107,8,1,12
BRDA:129,9,0,15
BRDA:129,9,1,12
BRDA:144,10,0,26
BRDA:144,10,1,16
BRDA:144,11,0,42
BRDA:144,11,1,41
BRDA:144,11,2,19
BRDA:149,12,0,42
BRDA:149,12,1,15
BRDA:149,12,2,6
BRDA:156,13,0,2
BRDA:156,13,1,40
BRDA:156,14,0,42
BRDA:156,14,1,15
BRDA:169,15,0,15
BRDA:169,15,1,27
BRDA:176,16,0,1
BRDA:176,16,1,14
BRDA:180,17,0,3
BRDA:180,17,1,12
BRDA:186,18,0,6
BRDA:186,18,1,36
BRDA:193,19,0,0
BRDA:193,19,1,42
BRDA:193,20,0,42
BRDA:193,20,1,42
BRDA:196,21,0,0
BRDA:196,21,1,0
BRDA:205,22,0,15
BRDA:205,22,1,27
BRDA:217,23,0,34
BRDA:217,23,1,2
BRDA:222,24,0,34
BRDA:222,24,1,2
BRDA:223,25,0,1
BRDA:223,25,1,33
BRF:56
BRH:53
end_of_record
TN:
SF:/Users/martijn.cuppens/workspace/bootstrap/js/src/toast.js
FN:61,(anonymous_0)
FN:70,(anonymous_1)
FN:74,(anonymous_2)
FN:80,(anonymous_3)
FN:87,(anonymous_4)
FN:111,(anonymous_5)
FN:121,(anonymous_6)
FN:127,(anonymous_7)
FN:144,(anonymous_8)
FN:160,(anonymous_9)
FN:164,(anonymous_10)
FN:168,(anonymous_11)
FN:169,(anonymous_12)
FN:188,(anonymous_13)
FN:189,(anonymous_14)
FN:218,(anonymous_15)
FNF:16
FNH:16
FNDA:10,(anonymous_0)
FNDA:1,(anonymous_1)
FNDA:10,(anonymous_2)
FNDA:6,(anonymous_3)
FNDA:6,(anonymous_4)
FNDA:6,(anonymous_5)
FNDA:3,(anonymous_6)
FNDA:2,(anonymous_7)
FNDA:10,(anonymous_8)
FNDA:10,(anonymous_9)
FNDA:1,(anonymous_10)
FNDA:5,(anonymous_11)
FNDA:5,(anonymous_12)
FNDA:21,(anonymous_13)
FNDA:21,(anonymous_14)
FNDA:12,(anonymous_15)
DA:17,1
DA:18,1
DA:19,1
DA:20,1
DA:21,1
DA:23,1
DA:31,1
DA:38,1
DA:44,1
DA:50,1
DA:62,10
DA:63,10
DA:64,10
DA:65,10
DA:71,1
DA:75,10
DA:81,6
DA:83,6
DA:84,4
DA:87,6
DA:88,6
DA:89,6
DA:91,6
DA:93,6
DA:94,3
DA:98,6
DA:99,6
DA:100,6
DA:101,4
DA:103,4
DA:107,2
DA:112,6
DA:113,1
DA:116,5
DA:118,5
DA:119,2
DA:121,3
DA:122,3
DA:128,2
DA:129,2
DA:131,2
DA:132,1
DA:135,2
DA:137,2
DA:138,2
DA:139,2
DA:145,10
DA:151,10
DA:157,10
DA:161,10
DA:164,1
DA:169,5
DA:170,5
DA:171,5
DA:174,5
DA:175,5
DA:176,3
DA:178,3
DA:182,2
DA:189,21
DA:190,21
DA:191,21
DA:192,21
DA:194,21
DA:195,10
DA:196,10
DA:199,21
DA:200,11
DA:201,1
DA:204,10
DA:216,1
DA:217,1
DA:218,1
DA:219,12
DA:220,12
LF:75
LH:75
BRDA:83,0,0,4
BRDA:83,0,1,2
BRDA:93,1,0,3
BRDA:93,1,1,3
BRDA:100,2,0,4
BRDA:100,2,1,2
BRDA:112,3,0,1
BRDA:112,3,1,5
BRDA:118,4,0,2
BRDA:118,4,1,3
BRDA:131,5,0,1
BRDA:131,5,1,1
BRDA:148,6,0,1
BRDA:148,6,1,9
BRDA:148,7,0,10
BRDA:148,7,1,1
BRDA:175,8,0,3
BRDA:175,8,1,2
BRDA:192,9,0,21
BRDA:192,9,1,1
BRDA:194,10,0,10
BRDA:194,10,1,11
BRDA:199,11,0,11
BRDA:199,11,1,10
BRDA:200,12,0,1
BRDA:200,12,1,10
BRF:26
BRH:26
end_of_record
TN:
SF:/Users/martijn.cuppens/workspace/bootstrap/js/src/tooltip.js
FN:110,(anonymous_0)
FN:136,(anonymous_1)
FN:140,(anonymous_2)
FN:144,(anonymous_3)
FN:148,(anonymous_4)
FN:152,(anonymous_5)
FN:156,(anonymous_6)
FN:160,(anonymous_7)
FN:166,(anonymous_8)
FN:170,(anonymous_9)
FN:174,(anonymous_10)
FN:178,(anonymous_11)
FN:212,(anonymous_12)
FN:238,(anonymous_13)
FN:301,(anonymous_14)
FN:306,(anonymous_15)
FN:319,(anonymous_16)
FN:345,(anonymous_17)
FN:348,(anonymous_18)
FN:396,(anonymous_19)
FN:404,(anonymous_20)
FN:408,(anonymous_21)
FN:412,(anonymous_22)
FN:417,(anonymous_23)
FN:423,(anonymous_24)
FN:439,(anonymous_25)
FN:453,(anonymous_26)
FN:465,(anonymous_27)
FN:469,(anonymous_28)
FN:472,(anonymous_29)
FN:477,(anonymous_30)
FN:491,(anonymous_31)
FN:496,(anonymous_32)
FN:503,(anonymous_33)
FN:521,(anonymous_34)
FN:534,(anonymous_35)
FN:566,(anonymous_36)
FN:573,(anonymous_37)
FN:604,(anonymous_38)
FN:611,(anonymous_39)
FN:621,(anonymous_40)
FN:652,(anonymous_41)
FN:666,(anonymous_42)
FN:674,(anonymous_43)
FN:681,(anonymous_44)
FN:698,(anonymous_45)
FN:699,(anonymous_46)
FN:730,(anonymous_47)
FNF:48
FNH:46
FNDA:72,(anonymous_0)
FNDA:0,(anonymous_1)
FNDA:52,(anonymous_2)
FNDA:35,(anonymous_3)
FNDA:112,(anonymous_4)
FNDA:337,(anonymous_5)
FNDA:2,(anonymous_6)
FNDA:51,(anonymous_7)
FNDA:2,(anonymous_8)
FNDA:2,(anonymous_9)
FNDA:2,(anonymous_10)
FNDA:19,(anonymous_11)
FNDA:4,(anonymous_12)
FNDA:71,(anonymous_13)
FNDA:50,(anonymous_14)
FNDA:0,(anonymous_15)
FNDA:43,(anonymous_16)
FNDA:42,(anonymous_17)
FNDA:37,(anonymous_18)
FNDA:2,(anonymous_19)
FNDA:49,(anonymous_20)
FNDA:68,(anonymous_21)
FNDA:295,(anonymous_22)
FNDA:35,(anonymous_23)
FNDA:73,(anonymous_24)
FNDA:123,(anonymous_25)
FNDA:54,(anonymous_26)
FNDA:88,(anonymous_27)
FNDA:72,(anonymous_28)
FNDA:112,(anonymous_29)
FNDA:17,(anonymous_30)
FNDA:27,(anonymous_31)
FNDA:22,(anonymous_32)
FNDA:3,(anonymous_33)
FNDA:71,(anonymous_34)
FNDA:39,(anonymous_35)
FNDA:1,(anonymous_36)
FNDA:29,(anonymous_37)
FNDA:4,(anonymous_38)
FNDA:44,(anonymous_39)
FNDA:72,(anonymous_40)
FNDA:1,(anonymous_41)
FNDA:60,(anonymous_42)
FNDA:34,(anonymous_43)
FNDA:36,(anonymous_44)
FNDA:92,(anonymous_45)
FNDA:92,(anonymous_46)
FNDA:53,(anonymous_47)
DA:18,1
DA:19,1
DA:20,1
DA:21,1
DA:22,1
DA:23,1
DA:24,1
DA:26,1
DA:41,1
DA:49,1
DA:66,1
DA:71,1
DA:84,1
DA:89,1
DA:95,1
DA:115,72
DA:116,0
DA:120,72
DA:121,72
DA:122,72
DA:123,72
DA:124,72
DA:127,72
DA:128,72
DA:129,72
DA:131,72
DA:137,0
DA:141,52
DA:145,35
DA:149,112
DA:153,337
DA:157,2
DA:161,51
DA:167,2
DA:171,2
DA:175,2
DA:179,19
DA:180,2
DA:183,17
DA:184,15
DA:185,15
DA:187,15
DA:188,1
DA:192,1
DA:195,15
DA:197,15
DA:198,11
DA:200,4
DA:203,2
DA:204,1
DA:205,1
DA:208,1
DA:213,4
DA:215,4
DA:217,4
DA:218,4
DA:220,4
DA:221,2
DA:224,4
DA:225,4
DA:226,4
DA:227,4
DA:228,4
DA:229,2
DA:232,4
DA:233,4
DA:234,4
DA:235,4
DA:239,71
DA:240,2
DA:243,69
DA:244,69
DA:245,57
DA:247,57
DA:248,57
DA:253,57
DA:254,3
DA:257,54
DA:258,54
DA:260,54
DA:261,54
DA:263,54
DA:265,54
DA:266,47
DA:269,54
DA:273,54
DA:274,54
DA:276,54
DA:277,54
DA:279,54
DA:280,54
DA:283,54
DA:285,54
DA:302,50
DA:303,33
DA:306,0
DA:309,54
DA:315,54
DA:316,0
DA:319,54
DA:320,43
DA:321,36
DA:323,43
DA:324,43
DA:326,43
DA:328,43
DA:329,2
DA:333,54
DA:334,47
DA:336,47
DA:340,7
DA:346,42
DA:347,42
DA:348,42
DA:349,37
DA:350,28
DA:353,37
DA:354,37
DA:355,37
DA:356,37
DA:357,23
DA:360,37
DA:361,0
DA:365,42
DA:367,42
DA:368,1
DA:371,41
DA:375,41
DA:376,0
DA:379,41
DA:380,41
DA:381,41
DA:383,41
DA:384,24
DA:386,24
DA:390,17
DA:393,41
DA:397,2
DA:398,1
DA:405,49
DA:409,68
DA:413,295
DA:414,295
DA:418,35
DA:419,35
DA:420,35
DA:424,73
DA:425,73
DA:427,12
DA:428,8
DA:429,5
DA:432,4
DA:435,61
DA:440,123
DA:442,123
DA:443,50
DA:448,123
DA:454,54
DA:455,48
DA:458,6
DA:459,2
DA:462,4
DA:466,88
DA:470,72
DA:472,72
DA:473,112
DA:474,26
DA:477,17
DA:479,86
DA:480,81
DA:483,81
DA:487,81
DA:491,27
DA:496,22
DA:501,72
DA:504,3
DA:505,2
DA:510,72
DA:511,1
DA:517,71
DA:522,71
DA:524,71
DA:525,71
DA:530,71
DA:535,39
DA:536,39
DA:538,39
DA:539,0
DA:543,0
DA:546,39
DA:547,27
DA:552,39
DA:553,14
DA:554,14
DA:557,25
DA:559,25
DA:561,25
DA:562,21
DA:563,21
DA:566,4
DA:567,1
DA:568,1
DA:574,29
DA:575,29
DA:577,29
DA:578,0
DA:582,0
DA:585,29
DA:586,22
DA:591,29
DA:592,9
DA:595,20
DA:597,20
DA:599,20
DA:600,13
DA:601,13
DA:604,7
DA:605,4
DA:606,3
DA:612,44
DA:613,77
DA:614,20
DA:618,24
DA:622,72
DA:628,72
DA:629,66
DA:635,72
DA:636,1
DA:639,72
DA:640,1
DA:643,72
DA:649,72
DA:653,1
DA:655,1
DA:656,1
DA:657,13
DA:658,3
DA:663,1
DA:667,60
DA:668,60
DA:669,60
DA:670,46
DA:675,34
DA:676,34
DA:677,34
DA:678,34
DA:682,36
DA:683,36
DA:685,36
DA:686,35
DA:689,1
DA:690,1
DA:691,1
DA:692,1
DA:693,1
DA:699,92
DA:700,92
DA:701,92
DA:703,92
DA:704,1
DA:707,91
DA:708,50
DA:709,50
DA:712,91
DA:713,52
DA:714,1
DA:716,51
DA:728,1
DA:729,1
DA:730,1
DA:731,53
DA:732,53
LF:272
LH:262
BRDA:115,0,0,0
BRDA:115,0,1,72
BRDA:179,1,0,2
BRDA:179,1,1,17
BRDA:183,2,0,15
BRDA:183,2,1,2
BRDA:187,3,0,1
BRDA:187,3,1,14
BRDA:197,4,0,11
BRDA:197,4,1,4
BRDA:203,5,0,1
BRDA:203,5,1,1
BRDA:220,6,0,2
BRDA:220,6,1,2
BRDA:228,7,0,2
BRDA:228,7,1,2
BRDA:239,8,0,2
BRDA:239,8,1,69
BRDA:244,9,0,57
BRDA:244,9,1,12
BRDA:244,10,0,69
BRDA:244,10,1,57
BRDA:249,11,0,0
BRDA:249,11,1,57
BRDA:253,12,0,3
BRDA:253,12,1,54
BRDA:253,13,0,57
BRDA:253,13,1,56
BRDA:265,14,0,47
BRDA:265,14,1,7
BRDA:269,15,0,0
BRDA:269,15,1,54
BRDA:279,16,0,54
BRDA:279,16,1,0
BRDA:302,17,0,33
BRDA:302,17,1,17
BRDA:315,18,0,0
BRDA:315,18,1,54
BRDA:320,19,0,36
BRDA:320,19,1,7
BRDA:328,20,0,2
BRDA:328,20,1,41
BRDA:333,21,0,47
BRDA:333,21,1,7
BRDA:349,22,0,28
BRDA:349,22,1,9
BRDA:349,23,0,37
BRDA:349,23,1,37
BRDA:356,24,0,23
BRDA:356,24,1,14
BRDA:360,25,0,0
BRDA:360,25,1,37
BRDA:367,26,0,1
BRDA:367,26,1,41
BRDA:375,27,0,0
BRDA:375,27,1,41
BRDA:383,28,0,24
BRDA:383,28,1,17
BRDA:397,29,0,1
BRDA:397,29,1,1
BRDA:413,30,0,295
BRDA:413,30,1,38
BRDA:425,31,0,12
BRDA:425,31,1,61
BRDA:425,32,0,73
BRDA:425,32,1,12
BRDA:425,32,2,5
BRDA:427,33,0,8
BRDA:427,33,1,4
BRDA:428,34,0,5
BRDA:428,34,1,3
BRDA:435,35,0,8
BRDA:435,35,1,53
BRDA:442,36,0,50
BRDA:442,36,1,73
BRDA:443,37,0,6
BRDA:443,37,1,44
BRDA:454,38,0,48
BRDA:454,38,1,6
BRDA:458,39,0,2
BRDA:458,39,1,4
BRDA:473,40,0,26
BRDA:473,40,1,86
BRDA:479,41,0,81
BRDA:479,41,1,5
BRDA:480,42,0,41
BRDA:480,42,1,40
BRDA:483,43,0,41
BRDA:483,43,1,40
BRDA:504,44,0,2
BRDA:504,44,1,1
BRDA:510,45,0,1
BRDA:510,45,1,71
BRDA:524,46,0,71
BRDA:524,46,1,0
BRDA:524,47,0,71
BRDA:524,47,1,24
BRDA:527,48,0,71
BRDA:527,48,1,24
BRDA:536,49,0,39
BRDA:536,49,1,27
BRDA:538,50,0,0
BRDA:538,50,1,39
BRDA:546,51,0,27
BRDA:546,51,1,12
BRDA:548,52,0,8
BRDA:548,52,1,19
BRDA:552,53,0,14
BRDA:552,53,1,25
BRDA:552,54,0,39
BRDA:552,54,1,36
BRDA:561,55,0,21
BRDA:561,55,1,4
BRDA:561,56,0,25
BRDA:561,56,1,25
BRDA:567,57,0,1
BRDA:567,57,1,0
BRDA:575,58,0,29
BRDA:575,58,1,22
BRDA:577,59,0,0
BRDA:577,59,1,29
BRDA:585,60,0,22
BRDA:585,60,1,7
BRDA:587,61,0,8
BRDA:587,61,1,14
BRDA:591,62,0,9
BRDA:591,62,1,20
BRDA:599,63,0,13
BRDA:599,63,1,7
BRDA:599,64,0,20
BRDA:599,64,1,20
BRDA:605,65,0,3
BRDA:605,65,1,1
BRDA:613,66,0,20
BRDA:613,66,1,57
BRDA:625,67,0,40
BRDA:625,67,1,32
BRDA:625,68,0,72
BRDA:625,68,1,48
BRDA:628,69,0,66
BRDA:628,69,1,6
BRDA:635,70,0,1
BRDA:635,70,1,71
BRDA:639,71,0,1
BRDA:639,71,1,71
BRDA:655,72,0,1
BRDA:655,72,1,0
BRDA:657,73,0,3
BRDA:657,73,1,10
BRDA:669,74,0,46
BRDA:669,74,1,14
BRDA:669,75,0,60
BRDA:669,75,1,46
BRDA:685,76,0,35
BRDA:685,76,1,1
BRDA:701,77,0,92
BRDA:701,77,1,26
BRDA:703,78,0,1
BRDA:703,78,1,91
BRDA:703,79,0,92
BRDA:703,79,1,51
BRDA:707,80,0,50
BRDA:707,80,1,41
BRDA:712,81,0,52
BRDA:712,81,1,39
BRDA:713,82,0,1
BRDA:713,82,1,51
BRF:167
BRH:155
end_of_record
TN:
SF:/Users/martijn.cuppens/workspace/bootstrap/js/src/util.js
FN:21,toType
FN:25,getSpecialTransitionEndEvent
FN:29,(anonymous_2)
FN:38,transitionEndEmulator
FN:41,(anonymous_4)
FN:45,(anonymous_5)
FN:54,setTransitionEndSupport
FN:69,(anonymous_7)
FN:77,(anonymous_8)
FN:92,(anonymous_9)
FN:116,(anonymous_10)
FN:120,(anonymous_11)
FN:125,(anonymous_12)
FN:129,(anonymous_13)
FN:133,(anonymous_14)
FN:151,(anonymous_15)
FNF:16
FNH:16
FNDA:1698,toType
FNDA:1,getSpecialTransitionEndEvent
FNDA:284,(anonymous_2)
FNDA:165,transitionEndEmulator
FNDA:141,(anonymous_4)
FNDA:164,(anonymous_5)
FNDA:1,setTransitionEndSupport
FNDA:63,(anonymous_7)
FNDA:423,(anonymous_8)
FNDA:173,(anonymous_9)
FNDA:87,(anonymous_10)
FNDA:162,(anonymous_11)
FNDA:1,(anonymous_12)
FNDA:1266,(anonymous_13)
FNDA:286,(anonymous_14)
FNDA:60,(anonymous_15)
DA:16,1
DA:17,1
DA:18,1
DA:22,1698
DA:26,1
DA:30,284
DA:31,282
DA:33,2
DA:39,165
DA:41,165
DA:42,141
DA:45,165
DA:46,164
DA:47,162
DA:51,165
DA:55,1
DA:56,1
DA:65,1
DA:70,63
DA:72,63
DA:74,63
DA:78,423
DA:80,423
DA:81,393
DA:82,393
DA:85,423
DA:86,423
DA:88,167
DA:93,173
DA:94,1
DA:98,172
DA:99,172
DA:101,172
DA:102,172
DA:105,172
DA:106,165
DA:110,7
DA:111,7
DA:113,7
DA:117,87
DA:121,162
DA:126,1
DA:130,1266
DA:134,286
DA:135,1711
DA:136,1711
DA:137,1711
DA:138,1711
DA:141,1711
DA:142,3
DA:152,60
DA:153,0
DA:157,60
DA:158,60
DA:159,60
DA:162,0
DA:163,0
DA:167,0
DA:168,0
DA:171,0
DA:175,1
LF:61
LH:55
BRDA:30,0,0,282
BRDA:30,0,1,2
BRDA:46,1,0,162
BRDA:46,1,1,2
BRDA:80,2,0,393
BRDA:80,2,1,30
BRDA:80,3,0,423
BRDA:80,3,1,30
BRDA:82,4,0,230
BRDA:82,4,1,163
BRDA:82,5,0,393
BRDA:82,5,1,336
BRDA:86,6,0,242
BRDA:86,6,1,14
BRDA:93,7,0,1
BRDA:93,7,1,172
BRDA:105,8,0,165
BRDA:105,8,1,7
BRDA:105,9,0,172
BRDA:105,9,1,166
BRDA:130,10,0,1266
BRDA:130,10,1,567
BRDA:135,11,0,1711
BRDA:135,11,1,0
BRDA:138,12,0,13
BRDA:138,12,1,1698
BRDA:138,13,0,1711
BRDA:138,13,1,1194
BRDA:141,14,0,3
BRDA:141,14,1,1708
BRDA:152,15,0,0
BRDA:152,15,1,60
BRDA:157,16,0,60
BRDA:157,16,1,0
BRDA:159,17,0,2
BRDA:159,17,1,58
BRDA:162,18,0,0
BRDA:162,18,1,0
BRDA:167,19,0,0
BRDA:167,19,1,0
BRF:40
BRH:33
end_of_record
