TN:
SF:/Users/martijn.cuppens/workspace/bootstrap/js/src/alert.js
FN:47,(anonymous_0)
FN:53,(anonymous_1)
FN:59,(anonymous_2)
FN:74,(anonymous_3)
FN:81,(anonymous_4)
FN:96,(anonymous_5)
FN:103,(anonymous_6)
FN:114,(anonymous_7)
FN:118,(anonymous_8)
FN:127,(anonymous_9)
FN:128,(anonymous_10)
FN:143,(anonymous_11)
FN:144,(anonymous_12)
FN:174,(anonymous_13)
FNF:14
FNH:14
FNDA:7,(anonymous_0)
FNDA:1,(anonymous_1)
FNDA:4,(anonymous_2)
FNDA:1,(anonymous_3)
FNDA:3,(anonymous_4)
FNDA:4,(anonymous_5)
FNDA:3,(anonymous_6)
FNDA:1,(anonymous_7)
FNDA:2,(anonymous_8)
FNDA:6,(anonymous_9)
FNDA:6,(anonymous_10)
FNDA:1,(anonymous_11)
FNDA:2,(anonymous_12)
FNDA:8,(anonymous_13)
DA:17,1
DA:18,1
DA:19,1
DA:20,1
DA:21,1
DA:22,1
DA:24,1
DA:28,1
DA:34,1
DA:48,7
DA:54,1
DA:60,4
DA:61,4
DA:62,3
DA:65,4
DA:67,4
DA:68,1
DA:71,3
DA:75,1
DA:76,1
DA:82,3
DA:83,3
DA:85,3
DA:86,0
DA:89,3
DA:90,3
DA:93,3
DA:97,4
DA:99,4
DA:100,4
DA:104,3
DA:106,3
DA:107,1
DA:108,1
DA:111,2
DA:113,2
DA:114,1
DA:119,2
DA:128,6
DA:129,6
DA:130,6
DA:132,6
DA:133,6
DA:134,6
DA:137,6
DA:138,1
DA:144,1
DA:145,2
DA:146,2
DA:149,2
DA:160,1
DA:172,1
DA:173,1
DA:174,1
DA:175,8
DA:176,8
LF:56
LH:55
BRDA:61,0,0,3
BRDA:61,0,1,1
BRDA:67,1,0,1
BRDA:67,1,1,3
BRDA:85,2,0,0
BRDA:85,2,1,3
BRDA:89,3,0,3
BRDA:89,3,1,0
BRDA:106,4,0,1
BRDA:106,4,1,2
BRDA:132,5,0,6
BRDA:132,5,1,0
BRDA:137,6,0,1
BRDA:137,6,1,5
BRDA:145,7,0,2
BRDA:145,7,1,0
BRF:16
BRH:12
end_of_record
TN:
SF:/Users/martijn.cuppens/workspace/bootstrap/js/src/button.js
FN:50,(anonymous_0)
FN:56,(anonymous_1)
FN:62,(anonymous_2)
FN:112,(anonymous_3)
FN:119,(anonymous_4)
FN:120,(anonymous_5)
FN:142,(anonymous_6)
FN:153,(anonymous_7)
FN:166,(anonymous_8)
FNF:9
FNH:9
FNDA:12,(anonymous_0)
FNDA:1,(anonymous_1)
FNDA:11,(anonymous_2)
FNDA:1,(anonymous_3)
FNDA:13,(anonymous_4)
FNDA:13,(anonymous_5)
FNDA:8,(anonymous_6)
FNDA:8,(anonymous_7)
FNDA:13,(anonymous_8)
DA:16,1
DA:17,1
DA:18,1
DA:19,1
DA:20,1
DA:21,1
DA:23,1
DA:29,1
DA:37,1
DA:51,12
DA:57,1
DA:63,11
DA:64,11
DA:65,11
DA:69,11
DA:70,7
DA:72,7
DA:73,6
DA:74,4
DA:76,1
DA:78,3
DA:80,3
DA:81,2
DA:86,6
DA:87,5
DA:91,1
DA:93,4
DA:94,4
DA:97,5
DA:98,5
DA:102,10
DA:103,5
DA:107,10
DA:108,9
DA:113,1
DA:114,1
DA:120,13
DA:121,13
DA:123,13
DA:124,12
DA:125,12
DA:128,13
DA:129,11
DA:141,1
DA:143,8
DA:145,8
DA:147,8
DA:148,6
DA:151,8
DA:154,8
DA:155,8
DA:164,1
DA:165,1
DA:166,1
DA:167,13
DA:168,13
LF:56
LH:56
BRDA:69,0,0,7
BRDA:69,0,1,4
BRDA:72,1,0,6
BRDA:72,1,1,1
BRDA:73,2,0,4
BRDA:73,2,1,2
BRDA:74,3,0,1
BRDA:74,3,1,3
BRDA:74,4,0,4
BRDA:74,4,1,1
BRDA:80,5,0,2
BRDA:80,5,1,1
BRDA:86,6,0,5
BRDA:86,6,1,1
BRDA:87,7,0,1
BRDA:87,7,1,4
BRDA:87,8,0,5
BRDA:87,8,1,4
BRDA:87,8,2,4
BRDA:87,8,3,4
BRDA:102,9,0,5
BRDA:102,9,1,5
BRDA:107,10,0,9
BRDA:107,10,1,1
BRDA:123,11,0,12
BRDA:123,11,1,1
BRDA:128,12,0,11
BRDA:128,12,1,2
BRDA:147,13,0,6
BRDA:147,13,1,2
BRF:30
BRH:30
end_of_record
TN:
SF:/Users/martijn.cuppens/workspace/bootstrap/js/src/carousel.js
FN:106,(anonymous_0)
FN:127,(anonymous_1)
FN:131,(anonymous_2)
FN:137,(anonymous_3)
FN:143,(anonymous_4)
FN:152,(anonymous_5)
FN:158,(anonymous_6)
FN:172,(anonymous_7)
FN:190,(anonymous_8)
FN:200,(anonymous_9)
FN:217,(anonymous_10)
FN:233,(anonymous_11)
FN:242,(anonymous_12)
FN:262,(anonymous_13)
FN:265,(anonymous_14)
FN:270,(anonymous_15)
FN:271,(anonymous_16)
FN:277,(anonymous_17)
FN:282,(anonymous_18)
FN:290,(anonymous_19)
FN:299,(anonymous_20)
FN:318,(anonymous_21)
FN:322,(anonymous_22)
FN:324,(anonymous_23)
FN:325,(anonymous_24)
FN:329,(anonymous_25)
FN:330,(anonymous_26)
FN:331,(anonymous_27)
FN:335,(anonymous_28)
FN:353,(anonymous_29)
FN:360,(anonymous_30)
FN:379,(anonymous_31)
FN:394,(anonymous_32)
FN:410,(anonymous_33)
FN:481,(anonymous_34)
FN:490,(anonymous_35)
FN:508,(anonymous_36)
FN:509,(anonymous_37)
FN:544,(anonymous_38)
FN:586,(anonymous_39)
FN:602,(anonymous_40)
FNF:41
FNH:37
FNDA:40,(anonymous_0)
FNDA:1,(anonymous_1)
FNDA:1,(anonymous_2)
FNDA:20,(anonymous_3)
FNDA:655,(anonymous_4)
FNDA:11,(anonymous_5)
FNDA:16,(anonymous_6)
FNDA:15,(anonymous_7)
FNDA:4,(anonymous_8)
FNDA:0,(anonymous_9)
FNDA:2,(anonymous_10)
FNDA:40,(anonymous_11)
FNDA:6,(anonymous_12)
FNDA:38,(anonymous_13)
FNDA:10,(anonymous_14)
FNDA:0,(anonymous_15)
FNDA:0,(anonymous_16)
FNDA:38,(anonymous_17)
FNDA:6,(anonymous_18)
FNDA:92,(anonymous_19)
FNDA:6,(anonymous_20)
FNDA:5,(anonymous_21)
FNDA:0,(anonymous_22)
FNDA:2,(anonymous_23)
FNDA:2,(anonymous_24)
FNDA:4,(anonymous_25)
FNDA:92,(anonymous_26)
FNDA:4,(anonymous_27)
FNDA:10,(anonymous_28)
FNDA:166,(anonymous_29)
FNDA:27,(anonymous_30)
FNDA:31,(anonymous_31)
FNDA:28,(anonymous_32)
FNDA:33,(anonymous_33)
FNDA:14,(anonymous_34)
FNDA:14,(anonymous_35)
FNDA:53,(anonymous_36)
FNDA:53,(anonymous_37)
FNDA:4,(anonymous_38)
FNDA:3,(anonymous_39)
FNDA:36,(anonymous_40)
DA:17,1
DA:18,1
DA:19,1
DA:20,1
DA:21,1
DA:22,1
DA:23,1
DA:24,1
DA:25,1
DA:26,1
DA:28,1
DA:37,1
DA:46,1
DA:53,1
DA:72,1
DA:84,1
DA:95,1
DA:107,40
DA:108,40
DA:109,40
DA:110,40
DA:111,40
DA:112,40
DA:113,40
DA:114,40
DA:116,40
DA:117,38
DA:118,38
DA:119,38
DA:120,38
DA:122,38
DA:128,1
DA:132,1
DA:138,20
DA:139,19
DA:146,655
DA:148,1
DA:153,11
DA:154,10
DA:159,16
DA:160,16
DA:163,16
DA:164,0
DA:165,0
DA:168,16
DA:169,16
DA:173,15
DA:174,15
DA:177,15
DA:178,0
DA:179,0
DA:182,15
DA:183,10
DA:191,4
DA:193,4
DA:195,4
DA:196,0
DA:199,4
DA:200,0
DA:201,0
DA:204,4
DA:205,0
DA:206,0
DA:207,0
DA:210,4
DA:214,4
DA:218,2
DA:219,2
DA:221,2
DA:222,2
DA:223,2
DA:224,2
DA:225,2
DA:226,2
DA:227,2
DA:228,2
DA:234,40
DA:238,40
DA:239,38
DA:243,6
DA:245,6
DA:246,2
DA:249,4
DA:252,4
DA:253,2
DA:257,4
DA:258,2
DA:263,38
DA:264,37
DA:265,10
DA:268,38
DA:269,38
DA:270,0
DA:271,0
DA:274,38
DA:278,38
DA:279,33
DA:282,5
DA:283,6
DA:284,2
DA:285,4
DA:286,4
DA:290,5
DA:292,92
DA:293,46
DA:295,46
DA:299,5
DA:300,6
DA:301,2
DA:304,6
DA:305,6
DA:314,6
DA:315,6
DA:316,1
DA:318,6
DA:322,5
DA:323,5
DA:324,2
DA:325,2
DA:327,2
DA:329,4
DA:330,92
DA:331,4
DA:336,10
DA:337,6
DA:340,4
DA:342,1
DA:343,1
DA:344,1
DA:346,1
DA:347,1
DA:348,1
DA:354,166
DA:357,166
DA:361,27
DA:362,27
DA:363,27
DA:364,27
DA:365,27
DA:368,27
DA:369,2
DA:372,25
DA:373,25
DA:375,25
DA:380,31
DA:381,31
DA:382,31
DA:389,31
DA:391,31
DA:395,28
DA:396,7
DA:397,7
DA:400,7
DA:404,7
DA:405,7
DA:411,33
DA:412,33
DA:413,33
DA:415,33
DA:416,33
DA:422,33
DA:423,23
DA:424,23
DA:425,23
DA:427,10
DA:428,10
DA:429,10
DA:432,33
DA:433,2
DA:434,2
DA:437,31
DA:438,31
DA:439,2
DA:442,29
DA:444,1
DA:447,28
DA:449,28
DA:450,2
DA:453,28
DA:455,28
DA:462,28
DA:463,20
DA:465,20
DA:467,20
DA:468,20
DA:470,20
DA:471,20
DA:472,1
DA:473,1
DA:475,19
DA:478,20
DA:480,20
DA:482,14
DA:486,14
DA:488,14
DA:490,14
DA:494,8
DA:495,8
DA:497,8
DA:498,8
DA:501,28
DA:502,2
DA:509,53
DA:510,53
DA:511,53
DA:516,53
DA:517,6
DA:523,53
DA:525,53
DA:526,40
DA:527,38
DA:530,51
DA:531,4
DA:532,47
DA:533,26
DA:534,1
DA:536,25
DA:537,21
DA:538,8
DA:539,8
DA:545,4
DA:547,4
DA:548,0
DA:551,4
DA:553,4
DA:554,0
DA:557,4
DA:561,4
DA:563,4
DA:564,0
DA:567,4
DA:569,4
DA:570,0
DA:573,4
DA:583,1
DA:586,1
DA:587,3
DA:588,3
DA:589,0
DA:590,0
DA:600,1
DA:601,1
DA:602,1
DA:603,36
DA:604,36
LF:245
LH:227
BRDA:119,0,0,38
BRDA:119,0,1,33
BRDA:120,1,0,38
BRDA:120,1,1,3
BRDA:138,2,0,19
BRDA:138,2,1,1
BRDA:146,3,0,1
BRDA:146,3,1,654
BRDA:146,4,0,655
BRDA:146,4,1,655
BRDA:146,4,2,2
BRDA:153,5,0,10
BRDA:153,5,1,1
BRDA:159,6,0,16
BRDA:159,6,1,0
BRDA:163,7,0,0
BRDA:163,7,1,16
BRDA:173,8,0,15
BRDA:173,8,1,0
BRDA:177,9,0,0
BRDA:177,9,1,15
BRDA:182,10,0,10
BRDA:182,10,1,5
BRDA:182,11,0,15
BRDA:182,11,1,10
BRDA:184,12,0,10
BRDA:184,12,1,0
BRDA:195,13,0,0
BRDA:195,13,1,4
BRDA:195,14,0,4
BRDA:195,14,1,4
BRDA:199,15,0,0
BRDA:199,15,1,4
BRDA:204,16,0,0
BRDA:204,16,1,4
BRDA:210,17,0,4
BRDA:210,17,1,0
BRDA:245,18,0,2
BRDA:245,18,1,4
BRDA:252,19,0,2
BRDA:252,19,1,2
BRDA:257,20,0,2
BRDA:257,20,1,2
BRDA:263,21,0,37
BRDA:263,21,1,1
BRDA:268,22,0,38
BRDA:268,22,1,0
BRDA:278,23,0,33
BRDA:278,23,1,5
BRDA:283,24,0,2
BRDA:283,24,1,4
BRDA:283,25,0,6
BRDA:283,25,1,2
BRDA:283,25,2,0
BRDA:285,26,0,4
BRDA:285,26,1,0
BRDA:292,27,0,46
BRDA:292,27,1,46
BRDA:292,28,0,92
BRDA:292,28,1,92
BRDA:300,29,0,2
BRDA:300,29,1,4
BRDA:300,30,0,6
BRDA:300,30,1,2
BRDA:300,30,2,0
BRDA:305,31,0,6
BRDA:305,31,1,0
BRDA:315,32,0,1
BRDA:315,32,1,5
BRDA:323,33,0,2
BRDA:323,33,1,3
BRDA:336,34,0,6
BRDA:336,34,1,4
BRDA:340,35,0,1
BRDA:340,35,1,1
BRDA:340,35,2,2
BRDA:354,36,0,158
BRDA:354,36,1,8
BRDA:354,37,0,166
BRDA:354,37,1,158
BRDA:365,38,0,27
BRDA:365,38,1,10
BRDA:365,38,2,21
BRDA:365,38,3,17
BRDA:368,39,0,2
BRDA:368,39,1,25
BRDA:368,40,0,27
BRDA:368,40,1,8
BRDA:372,41,0,9
BRDA:372,41,1,16
BRDA:375,42,0,5
BRDA:375,42,1,20
BRDA:395,43,0,7
BRDA:395,43,1,21
BRDA:404,44,0,7
BRDA:404,44,1,0
BRDA:413,45,0,33
BRDA:413,45,1,29
BRDA:413,45,2,27
BRDA:422,46,0,23
BRDA:422,46,1,10
BRDA:432,47,0,2
BRDA:432,47,1,31
BRDA:432,48,0,33
BRDA:432,48,1,31
BRDA:438,49,0,2
BRDA:438,49,1,29
BRDA:442,50,0,1
BRDA:442,50,1,28
BRDA:442,51,0,29
BRDA:442,51,1,28
BRDA:449,52,0,2
BRDA:449,52,1,26
BRDA:462,53,0,20
BRDA:462,53,1,8
BRDA:471,54,0,1
BRDA:471,54,1,19
BRDA:472,55,0,1
BRDA:472,55,1,1
BRDA:475,56,0,19
BRDA:475,56,1,19
BRDA:501,57,0,2
BRDA:501,57,1,26
BRDA:516,58,0,6
BRDA:516,58,1,47
BRDA:523,59,0,22
BRDA:523,59,1,31
BRDA:525,60,0,40
BRDA:525,60,1,13
BRDA:530,61,0,4
BRDA:530,61,1,47
BRDA:532,62,0,26
BRDA:532,62,1,21
BRDA:533,63,0,1
BRDA:533,63,1,25
BRDA:537,64,0,8
BRDA:537,64,1,13
BRDA:547,65,0,0
BRDA:547,65,1,4
BRDA:553,66,0,0
BRDA:553,66,1,4
BRDA:553,67,0,4
BRDA:553,67,1,4
BRDA:563,68,0,0
BRDA:563,68,1,4
BRDA:569,69,0,0
BRDA:569,69,1,4
BRF:147
BRH:128
end_of_record
TN:
SF:/Users/martijn.cuppens/workspace/bootstrap/js/src/collapse.js
FN:66,(anonymous_0)
FN:79,(anonymous_1)
FN:100,(anonymous_2)
FN:104,(anonymous_3)
FN:110,(anonymous_4)
FN:118,(anonymous_5)
FN:129,(anonymous_6)
FN:178,(anonymous_7)
FN:202,(anonymous_8)
FN:242,(anonymous_9)
FN:258,(anonymous_10)
FN:262,(anonymous_11)
FN:274,(anonymous_12)
FN:284,(anonymous_13)
FN:289,(anonymous_14)
FN:307,(anonymous_15)
FN:317,(anonymous_16)
FN:329,(anonymous_17)
FN:334,(anonymous_18)
FN:335,(anonymous_19)
FN:369,(anonymous_20)
FN:378,(anonymous_21)
FN:394,(anonymous_22)
FNF:23
FNH:18
FNDA:59,(anonymous_0)
FNDA:110,(anonymous_1)
FNDA:0,(anonymous_2)
FNDA:0,(anonymous_3)
FNDA:41,(anonymous_4)
FNDA:41,(anonymous_5)
FNDA:18,(anonymous_6)
FNDA:36,(anonymous_7)
FNDA:27,(anonymous_8)
FNDA:23,(anonymous_9)
FNDA:120,(anonymous_10)
FNDA:0,(anonymous_11)
FNDA:59,(anonymous_12)
FNDA:61,(anonymous_13)
FNDA:29,(anonymous_14)
FNDA:0,(anonymous_15)
FNDA:30,(anonymous_16)
FNDA:0,(anonymous_17)
FNDA:69,(anonymous_18)
FNDA:71,(anonymous_19)
FNDA:31,(anonymous_20)
FNDA:36,(anonymous_21)
FNDA:39,(anonymous_22)
DA:17,1
DA:18,1
DA:19,1
DA:20,1
DA:21,1
DA:22,1
DA:24,1
DA:29,1
DA:34,1
DA:42,1
DA:49,1
DA:54,1
DA:67,59
DA:68,59
DA:69,59
DA:70,59
DA:74,59
DA:75,59
DA:76,96
DA:77,96
DA:78,96
DA:79,110
DA:81,96
DA:82,51
DA:83,51
DA:87,59
DA:89,59
DA:90,30
DA:93,59
DA:94,36
DA:101,0
DA:105,0
DA:111,41
DA:112,8
DA:114,33
DA:119,41
DA:121,1
DA:127,40
DA:128,19
DA:130,18
DA:131,17
DA:134,1
DA:137,19
DA:138,5
DA:142,40
DA:143,14
DA:144,14
DA:145,1
DA:149,39
DA:150,39
DA:151,39
DA:152,1
DA:155,38
DA:156,13
DA:157,13
DA:158,9
DA:162,38
DA:164,38
DA:168,38
DA:170,38
DA:171,30
DA:176,38
DA:178,38
DA:179,36
DA:184,36
DA:186,36
DA:188,36
DA:191,38
DA:192,38
DA:193,38
DA:195,38
DA:199,38
DA:203,27
DA:205,4
DA:208,23
DA:209,23
DA:210,23
DA:211,0
DA:214,23
DA:216,23
DA:218,23
DA:220,23
DA:225,23
DA:226,23
DA:227,20
DA:228,46
DA:229,46
DA:230,46
DA:231,46
DA:232,46
DA:233,43
DA:240,23
DA:242,23
DA:243,23
DA:244,23
DA:250,23
DA:251,23
DA:253,23
DA:259,120
DA:263,0
DA:265,0
DA:266,0
DA:267,0
DA:268,0
DA:269,0
DA:275,59
DA:279,59
DA:280,59
DA:281,59
DA:285,61
DA:286,61
DA:292,29
DA:293,4
DA:296,4
DA:297,3
DA:300,25
DA:304,29
DA:306,29
DA:307,29
DA:308,0
DA:314,29
DA:318,30
DA:320,30
DA:321,18
DA:330,0
DA:331,0
DA:335,69
DA:336,71
DA:337,71
DA:338,71
DA:344,71
DA:345,21
DA:348,71
DA:349,59
DA:350,59
DA:353,71
DA:354,33
DA:355,1
DA:357,32
DA:369,1
DA:371,31
DA:372,29
DA:375,31
DA:376,31
DA:377,31
DA:378,31
DA:379,36
DA:380,36
DA:381,36
DA:382,36
DA:392,1
DA:393,1
DA:394,1
DA:395,39
DA:396,39
LF:155
LH:143
BRDA:81,0,0,51
BRDA:81,0,1,45
BRDA:81,1,0,96
BRDA:81,1,1,90
BRDA:87,2,0,29
BRDA:87,2,1,30
BRDA:89,3,0,30
BRDA:89,3,1,29
BRDA:93,4,0,36
BRDA:93,4,1,23
BRDA:111,5,0,8
BRDA:111,5,1,33
BRDA:119,6,0,1
BRDA:119,6,1,40
BRDA:119,7,0,41
BRDA:119,7,1,41
BRDA:127,8,0,19
BRDA:127,8,1,21
BRDA:130,9,0,17
BRDA:130,9,1,1
BRDA:137,10,0,5
BRDA:137,10,1,14
BRDA:142,11,0,14
BRDA:142,11,1,26
BRDA:144,12,0,1
BRDA:144,12,1,13
BRDA:144,13,0,14
BRDA:144,13,1,5
BRDA:151,14,0,1
BRDA:151,14,1,38
BRDA:155,15,0,13
BRDA:155,15,1,25
BRDA:157,16,0,9
BRDA:157,16,1,4
BRDA:170,17,0,30
BRDA:170,17,1,8
BRDA:203,18,0,4
BRDA:203,18,1,23
BRDA:203,19,0,27
BRDA:203,19,1,27
BRDA:210,20,0,0
BRDA:210,20,1,23
BRDA:226,21,0,20
BRDA:226,21,1,3
BRDA:230,22,0,46
BRDA:230,22,1,0
BRDA:232,23,0,43
BRDA:232,23,1,3
BRDA:286,24,0,0
BRDA:286,24,1,61
BRDA:292,25,0,4
BRDA:292,25,1,25
BRDA:296,26,0,3
BRDA:296,26,1,1
BRDA:320,27,0,18
BRDA:320,27,1,12
BRDA:331,28,0,0
BRDA:331,28,1,0
BRDA:341,29,0,36
BRDA:341,29,1,35
BRDA:341,30,0,71
BRDA:341,30,1,36
BRDA:344,31,0,21
BRDA:344,31,1,50
BRDA:344,32,0,71
BRDA:344,32,1,59
BRDA:344,32,2,57
BRDA:348,33,0,59
BRDA:348,33,1,12
BRDA:353,34,0,33
BRDA:353,34,1,38
BRDA:354,35,0,1
BRDA:354,35,1,32
BRDA:371,36,0,29
BRDA:371,36,1,2
BRDA:381,37,0,4
BRDA:381,37,1,32
BRF:77
BRH:72
end_of_record
TN:
SF:/Users/martijn.cuppens/workspace/bootstrap/js/src/dropdown.js
FN:96,(anonymous_0)
FN:108,(anonymous_1)
FN:112,(anonymous_2)
FN:116,(anonymous_3)
FN:122,(anonymous_4)
FN:197,(anonymous_5)
FN:220,(anonymous_6)
FN:243,(anonymous_7)
FN:254,(anonymous_8)
FN:263,(anonymous_9)
FN:264,(anonymous_10)
FN:271,(anonymous_11)
FN:287,(anonymous_12)
FN:297,(anonymous_13)
FN:317,(anonymous_14)
FN:321,(anonymous_15)
FN:324,(anonymous_16)
FN:359,(anonymous_17)
FN:360,(anonymous_18)
FN:378,(anonymous_19)
FN:432,(anonymous_20)
FN:444,(anonymous_21)
FN:514,(anonymous_22)
FN:519,(anonymous_23)
FN:531,(anonymous_24)
FNF:25
FNH:22
FNDA:47,(anonymous_0)
FNDA:0,(anonymous_1)
FNDA:47,(anonymous_2)
FNDA:47,(anonymous_3)
FNDA:42,(anonymous_4)
FNDA:4,(anonymous_5)
FNDA:3,(anonymous_6)
FNDA:2,(anonymous_7)
FNDA:2,(anonymous_8)
FNDA:47,(anonymous_9)
FNDA:34,(anonymous_10)
FNDA:47,(anonymous_11)
FNDA:47,(anonymous_12)
FNDA:34,(anonymous_13)
FNDA:49,(anonymous_14)
FNDA:34,(anonymous_15)
FNDA:0,(anonymous_16)
FNDA:48,(anonymous_17)
FNDA:48,(anonymous_18)
FNDA:141,(anonymous_19)
FNDA:165,(anonymous_20)
FNDA:23,(anonymous_21)
FNDA:4,(anonymous_22)
FNDA:0,(anonymous_23)
FNDA:44,(anonymous_24)
DA:18,1
DA:19,1
DA:20,1
DA:21,1
DA:22,1
DA:23,1
DA:24,1
DA:25,1
DA:26,1
DA:27,1
DA:28,1
DA:29,1
DA:30,1
DA:32,1
DA:43,1
DA:54,1
DA:62,1
DA:73,1
DA:81,1
DA:97,47
DA:98,47
DA:99,47
DA:100,47
DA:101,47
DA:103,47
DA:109,0
DA:113,47
DA:117,47
DA:123,42
DA:124,2
DA:127,40
DA:128,40
DA:130,40
DA:132,40
DA:133,5
DA:136,35
DA:139,35
DA:141,35
DA:143,35
DA:144,0
DA:148,35
DA:153,34
DA:154,0
DA:157,34
DA:159,34
DA:160,0
DA:161,34
DA:162,0
DA:165,0
DA:166,0
DA:173,34
DA:174,1
DA:176,34
DA:183,35
DA:185,0
DA:188,35
DA:189,35
DA:191,35
DA:192,35
DA:198,4
DA:199,1
DA:202,3
DA:205,3
DA:207,3
DA:208,3
DA:210,3
DA:211,1
DA:214,2
DA:215,2
DA:221,3
DA:222,1
DA:225,2
DA:228,2
DA:230,2
DA:231,2
DA:233,2
DA:234,1
DA:237,1
DA:238,1
DA:244,2
DA:245,2
DA:246,2
DA:247,2
DA:248,2
DA:249,1
DA:250,1
DA:255,2
DA:256,2
DA:257,1
DA:264,47
DA:265,34
DA:266,34
DA:267,34
DA:272,47
DA:278,47
DA:284,47
DA:288,47
DA:289,47
DA:290,47
DA:291,45
DA:294,47
DA:298,34
DA:299,34
DA:302,34
DA:303,0
DA:304,0
DA:305,0
DA:307,34
DA:308,0
DA:309,34
DA:310,0
DA:311,34
DA:312,0
DA:314,34
DA:318,49
DA:322,34
DA:323,34
DA:324,0
DA:325,0
DA:329,0
DA:332,34
DA:335,34
DA:349,34
DA:350,1
DA:354,34
DA:360,48
DA:361,48
DA:362,48
DA:364,48
DA:365,47
DA:366,47
DA:369,48
DA:370,7
DA:371,1
DA:373,6
DA:379,141
DA:381,1
DA:384,140
DA:385,140
DA:386,60
DA:387,60
DA:388,60
DA:392,60
DA:393,14
DA:396,60
DA:397,3
DA:400,57
DA:401,57
DA:402,38
DA:405,19
DA:408,2
DA:411,17
DA:412,17
DA:413,17
DA:414,0
DA:419,17
DA:420,0
DA:423,17
DA:425,17
DA:426,17
DA:434,165
DA:436,165
DA:437,12
DA:440,165
DA:452,23
DA:456,10
DA:459,13
DA:460,13
DA:462,13
DA:463,0
DA:466,13
DA:467,13
DA:469,13
DA:471,4
DA:472,4
DA:473,4
DA:476,4
DA:477,4
DA:480,9
DA:482,9
DA:483,0
DA:486,9
DA:488,9
DA:489,1
DA:492,9
DA:493,6
DA:496,9
DA:497,2
DA:500,9
DA:510,1
DA:515,4
DA:516,4
DA:517,4
DA:520,0
DA:529,1
DA:530,1
DA:531,1
DA:532,44
DA:533,44
LF:199
LH:177
BRDA:123,0,0,2
BRDA:123,0,1,40
BRDA:123,1,0,42
BRDA:123,1,1,41
BRDA:132,2,0,5
BRDA:132,2,1,35
BRDA:143,3,0,0
BRDA:143,3,1,35
BRDA:148,4,0,34
BRDA:148,4,1,1
BRDA:153,5,0,0
BRDA:153,5,1,34
BRDA:159,6,0,0
BRDA:159,6,1,34
BRDA:161,7,0,0
BRDA:161,7,1,34
BRDA:165,8,0,0
BRDA:165,8,1,0
BRDA:173,9,0,1
BRDA:173,9,1,33
BRDA:183,10,0,0
BRDA:183,10,1,35
BRDA:183,11,0,35
BRDA:183,11,1,0
BRDA:198,12,0,1
BRDA:198,12,1,3
BRDA:198,13,0,4
BRDA:198,13,1,4
BRDA:198,13,2,4
BRDA:210,14,0,1
BRDA:210,14,1,2
BRDA:221,15,0,1
BRDA:221,15,1,2
BRDA:221,16,0,3
BRDA:221,16,1,3
BRDA:221,16,2,3
BRDA:233,17,0,1
BRDA:233,17,1,1
BRDA:248,18,0,1
BRDA:248,18,1,1
BRDA:256,19,0,1
BRDA:256,19,1,1
BRDA:288,20,0,47
BRDA:288,20,1,0
BRDA:290,21,0,45
BRDA:290,21,1,2
BRDA:302,22,0,0
BRDA:302,22,1,34
BRDA:304,23,0,0
BRDA:304,23,1,0
BRDA:307,24,0,0
BRDA:307,24,1,34
BRDA:309,25,0,0
BRDA:309,25,1,34
BRDA:311,26,0,0
BRDA:311,26,1,34
BRDA:323,27,0,0
BRDA:323,27,1,34
BRDA:327,28,0,0
BRDA:327,28,1,0
BRDA:349,29,0,1
BRDA:349,29,1,33
BRDA:362,30,0,0
BRDA:362,30,1,48
BRDA:364,31,0,47
BRDA:364,31,1,1
BRDA:369,32,0,7
BRDA:369,32,1,41
BRDA:370,33,0,1
BRDA:370,33,1,6
BRDA:379,34,0,1
BRDA:379,34,1,140
BRDA:379,35,0,141
BRDA:379,35,1,101
BRDA:379,35,2,101
BRDA:379,35,3,4
BRDA:392,36,0,14
BRDA:392,36,1,46
BRDA:392,37,0,60
BRDA:392,37,1,19
BRDA:396,38,0,3
BRDA:396,38,1,57
BRDA:401,39,0,38
BRDA:401,39,1,19
BRDA:405,40,0,2
BRDA:405,40,1,17
BRDA:405,41,0,19
BRDA:405,41,1,14
BRDA:405,41,2,11
BRDA:405,41,3,12
BRDA:405,41,4,3
BRDA:405,41,5,5
BRDA:413,42,0,0
BRDA:413,42,1,17
BRDA:419,43,0,0
BRDA:419,43,1,17
BRDA:436,44,0,12
BRDA:436,44,1,153
BRDA:440,45,0,165
BRDA:440,45,1,153
BRDA:452,46,0,10
BRDA:452,46,1,13
BRDA:452,47,0,17
BRDA:452,47,1,6
BRDA:453,48,0,17
BRDA:453,48,1,13
BRDA:453,48,2,10
BRDA:453,48,3,6
BRDA:453,48,4,10
BRDA:462,49,0,0
BRDA:462,49,1,13
BRDA:462,50,0,13
BRDA:462,50,1,13
BRDA:469,51,0,4
BRDA:469,51,1,9
BRDA:469,52,0,13
BRDA:469,52,1,0
BRDA:469,52,2,0
BRDA:469,52,3,13
BRDA:469,52,4,13
BRDA:469,52,5,9
BRDA:471,53,0,4
BRDA:471,53,1,0
BRDA:482,54,0,0
BRDA:482,54,1,9
BRDA:488,55,0,1
BRDA:488,55,1,8
BRDA:488,56,0,9
BRDA:488,56,1,3
BRDA:492,57,0,6
BRDA:492,57,1,3
BRDA:492,58,0,9
BRDA:492,58,1,6
BRDA:496,59,0,2
BRDA:496,59,1,7
BRF:135
BRH:109
end_of_record
TN:
SF:/Users/martijn.cuppens/workspace/bootstrap/js/src/modal.js
FN:76,(anonymous_0)
FN:90,(anonymous_1)
FN:94,(anonymous_2)
FN:100,(anonymous_3)
FN:104,(anonymous_4)
FN:138,(anonymous_5)
FN:141,(anonymous_6)
FN:142,(anonymous_7)
FN:149,(anonymous_8)
FN:152,(anonymous_9)
FN:191,(anonymous_10)
FN:198,(anonymous_11)
FN:200,(anonymous_12)
FN:222,(anonymous_13)
FN:228,(anonymous_14)
FN:237,(anonymous_15)
FN:264,(anonymous_16)
FN:283,(anonymous_17)
FN:286,(anonymous_18)
FN:295,(anonymous_19)
FN:297,(anonymous_20)
FN:308,(anonymous_21)
FN:310,(anonymous_22)
FN:316,(anonymous_23)
FN:320,(anonymous_24)
FN:328,(anonymous_25)
FN:335,(anonymous_26)
FN:349,(anonymous_27)
FN:387,(anonymous_28)
FN:413,(anonymous_29)
FN:426,(anonymous_30)
FN:431,(anonymous_31)
FN:437,(anonymous_32)
FN:445,(anonymous_33)
FN:454,(anonymous_34)
FN:471,(anonymous_35)
FN:474,(anonymous_36)
FN:482,(anonymous_37)
FN:495,(anonymous_38)
FN:506,(anonymous_39)
FN:507,(anonymous_40)
FN:538,(anonymous_41)
FN:556,(anonymous_42)
FN:562,(anonymous_43)
FN:580,(anonymous_44)
FNF:45
FNH:39
FNDA:36,(anonymous_0)
FNDA:0,(anonymous_1)
FNDA:1,(anonymous_2)
FNDA:3,(anonymous_3)
FNDA:39,(anonymous_4)
FNDA:5,(anonymous_5)
FNDA:0,(anonymous_6)
FNDA:0,(anonymous_7)
FNDA:36,(anonymous_8)
FNDA:26,(anonymous_9)
FNDA:0,(anonymous_10)
FNDA:1,(anonymous_11)
FNDA:3,(anonymous_12)
FNDA:0,(anonymous_13)
FNDA:36,(anonymous_14)
FNDA:36,(anonymous_15)
FNDA:36,(anonymous_16)
FNDA:36,(anonymous_17)
FNDA:1,(anonymous_18)
FNDA:62,(anonymous_19)
FNDA:1,(anonymous_20)
FNDA:62,(anonymous_21)
FNDA:0,(anonymous_22)
FNDA:26,(anonymous_23)
FNDA:26,(anonymous_24)
FNDA:25,(anonymous_25)
FNDA:62,(anonymous_26)
FNDA:8,(anonymous_27)
FNDA:25,(anonymous_28)
FNDA:36,(anonymous_29)
FNDA:26,(anonymous_30)
FNDA:36,(anonymous_31)
FNDA:36,(anonymous_32)
FNDA:4,(anonymous_33)
FNDA:2,(anonymous_34)
FNDA:26,(anonymous_35)
FNDA:4,(anonymous_36)
FNDA:2,(anonymous_37)
FNDA:40,(anonymous_38)
FNDA:59,(anonymous_39)
FNDA:59,(anonymous_40)
FNDA:5,(anonymous_41)
FNDA:3,(anonymous_42)
FNDA:1,(anonymous_43)
FNDA:37,(anonymous_44)
DA:17,1
DA:18,1
DA:19,1
DA:20,1
DA:21,1
DA:22,1
DA:23,1
DA:25,1
DA:32,1
DA:39,1
DA:53,1
DA:61,1
DA:77,36
DA:78,36
DA:79,36
DA:80,36
DA:81,36
DA:82,36
DA:83,36
DA:84,36
DA:85,36
DA:91,0
DA:95,1
DA:101,3
DA:105,39
DA:106,1
DA:109,38
DA:110,1
DA:113,38
DA:117,38
DA:119,38
DA:120,2
DA:123,36
DA:125,36
DA:126,36
DA:128,36
DA:130,36
DA:132,36
DA:133,36
DA:135,36
DA:138,5
DA:141,36
DA:142,0
DA:143,0
DA:144,0
DA:149,36
DA:153,26
DA:154,5
DA:157,26
DA:158,0
DA:161,26
DA:163,26
DA:165,26
DA:166,0
DA:169,26
DA:170,26
DA:172,26
DA:173,0
DA:176,26
DA:177,26
DA:179,26
DA:181,26
DA:183,26
DA:184,26
DA:187,26
DA:188,0
DA:190,0
DA:191,0
DA:194,26
DA:199,1
DA:200,3
DA:207,1
DA:209,1
DA:211,1
DA:212,1
DA:213,1
DA:214,1
DA:215,1
DA:216,1
DA:217,1
DA:218,1
DA:219,1
DA:223,0
DA:229,36
DA:233,36
DA:234,36
DA:238,36
DA:240,36
DA:243,27
DA:246,36
DA:247,36
DA:248,36
DA:250,36
DA:251,1
DA:254,36
DA:256,36
DA:257,36
DA:260,36
DA:264,36
DA:265,36
DA:266,36
DA:268,36
DA:269,36
DA:272,36
DA:273,1
DA:275,1
DA:279,35
DA:284,36
DA:287,1
DA:290,0
DA:296,62
DA:297,36
DA:298,1
DA:299,1
DA:300,1
DA:303,26
DA:304,26
DA:309,62
DA:310,36
DA:312,26
DA:317,26
DA:318,26
DA:319,26
DA:320,26
DA:321,26
DA:322,26
DA:323,26
DA:324,26
DA:329,25
DA:330,25
DA:331,25
DA:336,62
DA:339,62
DA:340,34
DA:341,34
DA:343,34
DA:344,1
DA:347,34
DA:349,34
DA:350,8
DA:351,0
DA:352,0
DA:354,8
DA:355,6
DA:357,2
DA:358,0
DA:360,2
DA:364,34
DA:365,1
DA:368,34
DA:370,34
DA:371,0
DA:374,34
DA:375,33
DA:376,33
DA:379,1
DA:381,1
DA:384,28
DA:385,25
DA:387,25
DA:388,25
DA:389,25
DA:390,25
DA:394,25
DA:395,0
DA:397,0
DA:401,25
DA:403,3
DA:404,3
DA:415,36
DA:417,36
DA:418,0
DA:421,36
DA:422,35
DA:427,26
DA:428,26
DA:432,36
DA:433,36
DA:434,36
DA:438,36
DA:441,35
DA:442,35
DA:445,35
DA:446,4
DA:447,4
DA:448,4
DA:454,35
DA:455,2
DA:456,2
DA:457,2
DA:463,35
DA:464,35
DA:465,35
DA:473,26
DA:474,26
DA:475,4
DA:476,4
DA:477,4
DA:481,26
DA:482,26
DA:483,2
DA:484,2
DA:485,2
DA:490,26
DA:491,26
DA:492,26
DA:496,40
DA:497,40
DA:498,40
DA:499,40
DA:500,40
DA:501,40
DA:507,59
DA:508,59
DA:509,59
DA:515,59
DA:516,36
DA:517,36
DA:520,59
DA:521,54
DA:522,1
DA:524,53
DA:525,5
DA:526,5
DA:538,1
DA:540,5
DA:542,3
DA:543,3
DA:546,3
DA:552,3
DA:553,1
DA:556,3
DA:557,3
DA:559,1
DA:562,2
DA:563,1
DA:564,1
DA:569,3
DA:578,1
DA:579,1
DA:580,1
DA:581,37
DA:582,37
LF:243
LH:224
BRDA:101,0,0,1
BRDA:101,0,1,2
BRDA:105,1,0,1
BRDA:105,1,1,38
BRDA:105,2,0,39
BRDA:105,2,1,38
BRDA:109,3,0,1
BRDA:109,3,1,37
BRDA:119,4,0,2
BRDA:119,4,1,36
BRDA:119,5,0,38
BRDA:119,5,1,38
BRDA:143,6,0,0
BRDA:143,6,1,0
BRDA:153,7,0,5
BRDA:153,7,1,21
BRDA:157,8,0,0
BRDA:157,8,1,26
BRDA:157,9,0,26
BRDA:157,9,1,26
BRDA:165,10,0,0
BRDA:165,10,1,26
BRDA:165,11,0,26
BRDA:165,11,1,26
BRDA:172,12,0,0
BRDA:172,12,1,26
BRDA:187,13,0,0
BRDA:187,13,1,26
BRDA:240,14,0,27
BRDA:240,14,1,9
BRDA:240,15,0,36
BRDA:240,15,1,36
BRDA:250,16,0,1
BRDA:250,16,1,35
BRDA:256,17,0,36
BRDA:256,17,1,0
BRDA:265,18,0,36
BRDA:265,18,1,0
BRDA:272,19,0,1
BRDA:272,19,1,35
BRDA:287,20,0,0
BRDA:287,20,1,1
BRDA:287,21,0,1
BRDA:287,21,1,1
BRDA:287,21,2,0
BRDA:296,22,0,36
BRDA:296,22,1,26
BRDA:296,23,0,62
BRDA:296,23,1,36
BRDA:298,24,0,1
BRDA:298,24,1,0
BRDA:303,25,0,26
BRDA:303,25,1,0
BRDA:309,26,0,36
BRDA:309,26,1,26
BRDA:329,27,0,25
BRDA:329,27,1,0
BRDA:336,28,0,1
BRDA:336,28,1,61
BRDA:339,29,0,34
BRDA:339,29,1,28
BRDA:339,30,0,62
BRDA:339,30,1,36
BRDA:343,31,0,1
BRDA:343,31,1,33
BRDA:350,32,0,0
BRDA:350,32,1,8
BRDA:354,33,0,6
BRDA:354,33,1,2
BRDA:357,34,0,0
BRDA:357,34,1,2
BRDA:364,35,0,1
BRDA:364,35,1,33
BRDA:370,36,0,0
BRDA:370,36,1,34
BRDA:374,37,0,33
BRDA:374,37,1,1
BRDA:384,38,0,25
BRDA:384,38,1,3
BRDA:384,39,0,28
BRDA:384,39,1,26
BRDA:389,40,0,25
BRDA:389,40,1,0
BRDA:394,41,0,0
BRDA:394,41,1,25
BRDA:403,42,0,3
BRDA:403,42,1,0
BRDA:417,43,0,0
BRDA:417,43,1,36
BRDA:417,44,0,36
BRDA:417,44,1,1
BRDA:421,45,0,35
BRDA:421,45,1,1
BRDA:421,46,0,36
BRDA:421,46,1,35
BRDA:438,47,0,35
BRDA:438,47,1,1
BRDA:477,48,0,1
BRDA:477,48,1,3
BRDA:484,49,0,2
BRDA:484,49,1,0
BRDA:492,50,0,19
BRDA:492,50,1,7
BRDA:512,51,0,3
BRDA:512,51,1,56
BRDA:512,52,0,59
BRDA:512,52,1,3
BRDA:515,53,0,36
BRDA:515,53,1,23
BRDA:520,54,0,54
BRDA:520,54,1,5
BRDA:521,55,0,1
BRDA:521,55,1,53
BRDA:525,56,0,5
BRDA:525,56,1,0
BRDA:542,57,0,3
BRDA:542,57,1,0
BRDA:546,58,0,0
BRDA:546,58,1,3
BRDA:552,59,0,1
BRDA:552,59,1,2
BRDA:552,60,0,3
BRDA:552,60,1,3
BRDA:557,61,0,1
BRDA:557,61,1,2
BRDA:563,62,0,1
BRDA:563,62,1,0
BRF:127
BRH:102
end_of_record
TN:
SF:/Users/martijn.cuppens/workspace/bootstrap/js/src/popover.js
FN:73,(anonymous_0)
FN:77,(anonymous_1)
FN:81,(anonymous_2)
FN:85,(anonymous_3)
FN:89,(anonymous_4)
FN:93,(anonymous_5)
FN:97,(anonymous_6)
FN:103,(anonymous_7)
FN:107,(anonymous_8)
FN:111,(anonymous_9)
FN:116,(anonymous_10)
FN:132,(anonymous_11)
FN:137,(anonymous_12)
FN:147,(anonymous_13)
FN:148,(anonymous_14)
FN:179,(anonymous_15)
FNF:16
FNH:15
FNDA:0,(anonymous_0)
FNDA:35,(anonymous_1)
FNDA:19,(anonymous_2)
FNDA:29,(anonymous_3)
FNDA:96,(anonymous_4)
FNDA:2,(anonymous_5)
FNDA:22,(anonymous_6)
FNDA:20,(anonymous_7)
FNDA:20,(anonymous_8)
FNDA:95,(anonymous_9)
FNDA:19,(anonymous_10)
FNDA:27,(anonymous_11)
FNDA:11,(anonymous_12)
FNDA:49,(anonymous_13)
FNDA:49,(anonymous_14)
FNDA:23,(anonymous_15)
DA:17,1
DA:18,1
DA:19,1
DA:20,1
DA:21,1
DA:22,1
DA:23,1
DA:25,1
DA:36,1
DA:41,1
DA:46,1
DA:51,1
DA:74,0
DA:78,35
DA:82,19
DA:86,29
DA:90,96
DA:94,2
DA:98,22
DA:104,20
DA:108,20
DA:112,95
DA:113,95
DA:117,19
DA:120,19
DA:121,19
DA:122,19
DA:123,7
DA:125,19
DA:127,19
DA:133,27
DA:138,11
DA:139,11
DA:140,11
DA:141,11
DA:148,49
DA:149,49
DA:150,49
DA:152,49
DA:153,1
DA:156,48
DA:157,21
DA:158,21
DA:161,48
DA:162,30
DA:163,1
DA:165,29
DA:177,1
DA:178,1
DA:179,1
DA:180,23
DA:181,23
LF:52
LH:51
BRDA:104,0,0,20
BRDA:104,0,1,8
BRDA:112,1,0,95
BRDA:112,1,1,16
BRDA:122,2,0,7
BRDA:122,2,1,12
BRDA:133,3,0,27
BRDA:133,3,1,21
BRDA:140,4,0,11
BRDA:140,4,1,0
BRDA:140,5,0,11
BRDA:140,5,1,11
BRDA:150,6,0,13
BRDA:150,6,1,36
BRDA:152,7,0,1
BRDA:152,7,1,48
BRDA:152,8,0,49
BRDA:152,8,1,22
BRDA:156,9,0,21
BRDA:156,9,1,27
BRDA:161,10,0,30
BRDA:161,10,1,18
BRDA:162,11,0,1
BRDA:162,11,1,29
BRF:24
BRH:23
end_of_record
TN:
SF:/Users/martijn.cuppens/workspace/bootstrap/js/src/scrollspy.js
FN:72,(anonymous_0)
FN:84,(anonymous_1)
FN:92,(anonymous_2)
FN:96,(anonymous_3)
FN:102,(anonymous_4)
FN:120,(anonymous_5)
FN:140,(anonymous_6)
FN:141,(anonymous_7)
FN:142,(anonymous_8)
FN:148,(anonymous_9)
FN:164,(anonymous_10)
FN:184,(anonymous_11)
FN:189,(anonymous_12)
FN:196,(anonymous_13)
FN:201,(anonymous_14)
FN:240,(anonymous_15)
FN:247,(anonymous_16)
FN:272,(anonymous_17)
FN:279,(anonymous_18)
FN:280,(anonymous_19)
FN:305,(anonymous_20)
FN:323,(anonymous_21)
FNF:22
FNH:19
FNDA:19,(anonymous_0)
FNDA:30,(anonymous_1)
FNDA:0,(anonymous_2)
FNDA:0,(anonymous_3)
FNDA:19,(anonymous_4)
FNDA:40,(anonymous_5)
FNDA:40,(anonymous_6)
FNDA:25,(anonymous_7)
FNDA:40,(anonymous_8)
FNDA:0,(anonymous_9)
FNDA:19,(anonymous_10)
FNDA:66,(anonymous_11)
FNDA:68,(anonymous_12)
FNDA:49,(anonymous_13)
FNDA:49,(anonymous_14)
FNDA:26,(anonymous_15)
FNDA:78,(anonymous_16)
FNDA:27,(anonymous_17)
FNDA:20,(anonymous_18)
FNDA:20,(anonymous_19)
FNDA:3,(anonymous_20)
FNDA:18,(anonymous_21)
DA:17,1
DA:18,1
DA:19,1
DA:20,1
DA:21,1
DA:22,1
DA:24,1
DA:30,1
DA:36,1
DA:42,1
DA:48,1
DA:60,1
DA:73,19
DA:74,19
DA:75,19
DA:76,19
DA:79,19
DA:80,19
DA:81,19
DA:82,19
DA:84,30
DA:86,19
DA:87,19
DA:93,0
DA:97,0
DA:103,19
DA:106,19
DA:109,19
DA:112,19
DA:113,19
DA:115,19
DA:117,19
DA:119,19
DA:122,40
DA:124,40
DA:125,40
DA:128,40
DA:129,40
DA:130,40
DA:132,40
DA:138,0
DA:140,40
DA:141,25
DA:143,40
DA:144,40
DA:149,0
DA:150,0
DA:152,0
DA:153,0
DA:154,0
DA:155,0
DA:156,0
DA:157,0
DA:158,0
DA:159,0
DA:165,19
DA:170,19
DA:171,1
DA:172,1
DA:173,1
DA:174,1
DA:176,1
DA:179,19
DA:181,19
DA:185,66
DA:190,68
DA:197,49
DA:202,49
DA:203,49
DA:204,49
DA:208,49
DA:209,0
DA:212,49
DA:213,1
DA:215,1
DA:216,1
DA:218,1
DA:221,48
DA:222,1
DA:223,1
DA:224,1
DA:227,47
DA:228,47
DA:229,108
DA:234,108
DA:235,25
DA:241,26
DA:243,26
DA:245,26
DA:247,26
DA:248,78
DA:252,26
DA:254,26
DA:255,0
DA:256,0
DA:259,26
DA:262,26
DA:264,26
DA:267,26
DA:273,27
DA:274,27
DA:280,20
DA:281,20
DA:282,20
DA:284,20
DA:285,19
DA:286,19
DA:289,20
DA:290,1
DA:291,1
DA:293,0
DA:305,1
DA:306,3
DA:308,3
DA:309,3
DA:310,2
DA:311,2
DA:321,1
DA:322,1
DA:323,1
DA:324,18
DA:325,18
LF:122
LH:105
BRDA:74,0,0,0
BRDA:74,0,1,19
BRDA:103,1,0,0
BRDA:103,1,1,19
BRDA:106,2,0,15
BRDA:106,2,1,4
BRDA:109,3,0,17
BRDA:109,3,1,2
BRDA:124,4,0,40
BRDA:124,4,1,0
BRDA:128,5,0,40
BRDA:128,5,1,0
BRDA:130,6,0,40
BRDA:130,6,1,0
BRDA:130,7,0,40
BRDA:130,7,1,0
BRDA:167,8,0,17
BRDA:167,8,1,2
BRDA:167,9,0,19
BRDA:167,9,1,17
BRDA:170,10,0,1
BRDA:170,10,1,18
BRDA:172,11,0,1
BRDA:172,11,1,0
BRDA:185,12,0,0
BRDA:185,12,1,66
BRDA:190,13,0,68
BRDA:190,13,1,4
BRDA:197,14,0,0
BRDA:197,14,1,49
BRDA:208,15,0,0
BRDA:208,15,1,49
BRDA:212,16,0,1
BRDA:212,16,1,48
BRDA:215,17,0,1
BRDA:215,17,1,0
BRDA:221,18,0,1
BRDA:221,18,1,47
BRDA:221,19,0,48
BRDA:221,19,1,23
BRDA:221,19,2,1
BRDA:229,20,0,108
BRDA:229,20,1,91
BRDA:229,20,2,57
BRDA:229,20,3,48
BRDA:234,21,0,25
BRDA:234,21,1,83
BRDA:254,22,0,0
BRDA:254,22,1,26
BRDA:282,23,0,20
BRDA:282,23,1,17
BRDA:284,24,0,19
BRDA:284,24,1,1
BRDA:289,25,0,1
BRDA:289,25,1,19
BRDA:290,26,0,1
BRDA:290,26,1,0
BRF:57
BRH:44
end_of_record
TN:
SF:/Users/martijn.cuppens/workspace/bootstrap/js/src/tab.js
FN:57,(anonymous_0)
FN:63,(anonymous_1)
FN:69,(anonymous_2)
FN:116,(anonymous_3)
FN:136,(anonymous_4)
FN:143,(anonymous_5)
FN:155,(anonymous_6)
FN:173,(anonymous_7)
FN:216,(anonymous_8)
FN:217,(anonymous_9)
FN:243,(anonymous_10)
FN:256,(anonymous_11)
FNF:12
FNH:10
FNDA:34,(anonymous_0)
FNDA:0,(anonymous_1)
FNDA:33,(anonymous_2)
FNDA:27,(anonymous_3)
FNDA:0,(anonymous_4)
FNDA:42,(anonymous_5)
FNDA:42,(anonymous_6)
FNDA:42,(anonymous_7)
FNDA:36,(anonymous_8)
FNDA:36,(anonymous_9)
FNDA:7,(anonymous_10)
FNDA:21,(anonymous_11)
DA:17,1
DA:18,1
DA:19,1
DA:20,1
DA:21,1
DA:22,1
DA:24,1
DA:32,1
DA:40,1
DA:58,34
DA:64,0
DA:70,33
DA:74,4
DA:79,29
DA:80,29
DA:82,29
DA:83,28
DA:84,28
DA:85,28
DA:88,29
DA:92,29
DA:96,29
DA:97,10
DA:100,29
DA:102,29
DA:104,2
DA:107,27
DA:108,15
DA:111,27
DA:116,27
DA:117,27
DA:121,27
DA:125,27
DA:126,27
DA:129,27
DA:130,15
DA:132,12
DA:137,0
DA:138,0
DA:145,42
DA:146,22
DA:148,20
DA:151,42
DA:152,42
DA:155,42
DA:161,42
DA:162,2
DA:164,2
DA:169,40
DA:174,42
DA:175,16
DA:177,16
DA:181,16
DA:182,1
DA:185,16
DA:186,3
DA:190,42
DA:191,42
DA:192,6
DA:195,42
DA:196,42
DA:198,42
DA:200,0
DA:201,0
DA:202,0
DA:203,0
DA:206,0
DA:209,42
DA:210,15
DA:217,36
DA:218,36
DA:219,36
DA:221,36
DA:222,34
DA:223,34
DA:226,36
DA:227,34
DA:228,1
DA:230,33
DA:242,1
DA:244,7
DA:245,7
DA:254,1
DA:255,1
DA:256,1
DA:257,21
DA:258,21
LF:87
LH:79
BRDA:70,0,0,4
BRDA:70,0,1,29
BRDA:70,1,0,33
BRDA:70,1,1,33
BRDA:70,1,2,32
BRDA:70,1,3,30
BRDA:82,2,0,28
BRDA:82,2,1,1
BRDA:83,3,0,19
BRDA:83,3,1,9
BRDA:96,4,0,10
BRDA:96,4,1,19
BRDA:102,5,0,2
BRDA:102,5,1,27
BRDA:102,6,0,29
BRDA:102,6,1,28
BRDA:107,7,0,15
BRDA:107,7,1,12
BRDA:129,8,0,15
BRDA:129,8,1,12
BRDA:145,9,0,22
BRDA:145,9,1,20
BRDA:145,10,0,42
BRDA:145,10,1,41
BRDA:152,11,0,42
BRDA:152,11,1,15
BRDA:152,11,2,7
BRDA:161,12,0,2
BRDA:161,12,1,40
BRDA:161,13,0,42
BRDA:161,13,1,16
BRDA:174,14,0,16
BRDA:174,14,1,26
BRDA:181,15,0,1
BRDA:181,15,1,15
BRDA:185,16,0,3
BRDA:185,16,1,13
BRDA:191,17,0,6
BRDA:191,17,1,36
BRDA:198,18,0,0
BRDA:198,18,1,42
BRDA:198,19,0,42
BRDA:198,19,1,42
BRDA:201,20,0,0
BRDA:201,20,1,0
BRDA:209,21,0,15
BRDA:209,21,1,27
BRDA:221,22,0,34
BRDA:221,22,1,2
BRDA:226,23,0,34
BRDA:226,23,1,2
BRDA:227,24,0,1
BRDA:227,24,1,33
BRF:53
BRH:50
end_of_record
TN:
SF:/Users/martijn.cuppens/workspace/bootstrap/js/src/toast.js
FN:11,(anonymous_0)
FN:61,(anonymous_1)
FN:70,(anonymous_2)
FN:74,(anonymous_3)
FN:80,(anonymous_4)
FN:87,(anonymous_5)
FN:107,(anonymous_6)
FN:117,(anonymous_7)
FN:123,(anonymous_8)
FN:140,(anonymous_9)
FN:156,(anonymous_10)
FN:160,(anonymous_11)
FN:164,(anonymous_12)
FN:165,(anonymous_13)
FN:184,(anonymous_14)
FN:185,(anonymous_15)
FN:214,(anonymous_16)
FNF:17
FNH:17
FNDA:1,(anonymous_0)
FNDA:10,(anonymous_1)
FNDA:1,(anonymous_2)
FNDA:10,(anonymous_3)
FNDA:6,(anonymous_4)
FNDA:6,(anonymous_5)
FNDA:6,(anonymous_6)
FNDA:3,(anonymous_7)
FNDA:2,(anonymous_8)
FNDA:10,(anonymous_9)
FNDA:10,(anonymous_10)
FNDA:1,(anonymous_11)
FNDA:5,(anonymous_12)
FNDA:5,(anonymous_13)
FNDA:21,(anonymous_14)
FNDA:21,(anonymous_15)
FNDA:12,(anonymous_16)
DA:11,1
DA:18,1
DA:19,1
DA:20,1
DA:21,1
DA:22,1
DA:24,1
DA:32,1
DA:38,1
DA:44,1
DA:50,1
DA:62,10
DA:63,10
DA:64,10
DA:65,10
DA:71,1
DA:75,10
DA:81,6
DA:83,6
DA:84,4
DA:87,6
DA:88,6
DA:90,6
DA:91,3
DA:95,6
DA:96,6
DA:97,4
DA:99,4
DA:103,2
DA:108,6
DA:109,1
DA:112,5
DA:114,5
DA:115,2
DA:117,3
DA:118,3
DA:124,2
DA:125,2
DA:127,2
DA:128,1
DA:131,2
DA:133,2
DA:134,2
DA:135,2
DA:141,10
DA:147,10
DA:153,10
DA:157,10
DA:160,1
DA:165,5
DA:166,5
DA:169,5
DA:171,5
DA:172,3
DA:174,3
DA:178,2
DA:185,21
DA:186,21
DA:187,21
DA:188,21
DA:190,21
DA:191,10
DA:192,10
DA:195,21
DA:196,11
DA:197,1
DA:200,10
DA:212,1
DA:213,1
DA:214,1
DA:215,12
DA:216,12
DA:219,1
LF:73
LH:73
BRDA:83,0,0,4
BRDA:83,0,1,2
BRDA:90,1,0,3
BRDA:90,1,1,3
BRDA:96,2,0,4
BRDA:96,2,1,2
BRDA:108,3,0,1
BRDA:108,3,1,5
BRDA:114,4,0,2
BRDA:114,4,1,3
BRDA:127,5,0,1
BRDA:127,5,1,1
BRDA:144,6,0,1
BRDA:144,6,1,9
BRDA:144,7,0,10
BRDA:144,7,1,1
BRDA:171,8,0,3
BRDA:171,8,1,2
BRDA:188,9,0,21
BRDA:188,9,1,1
BRDA:190,10,0,10
BRDA:190,10,1,11
BRDA:195,11,0,11
BRDA:195,11,1,10
BRDA:196,12,0,1
BRDA:196,12,1,10
BRF:26
BRH:26
end_of_record
TN:
SF:/Users/martijn.cuppens/workspace/bootstrap/js/src/tooltip.js
FN:110,(anonymous_0)
FN:136,(anonymous_1)
FN:140,(anonymous_2)
FN:144,(anonymous_3)
FN:148,(anonymous_4)
FN:152,(anonymous_5)
FN:156,(anonymous_6)
FN:160,(anonymous_7)
FN:166,(anonymous_8)
FN:170,(anonymous_9)
FN:174,(anonymous_10)
FN:178,(anonymous_11)
FN:212,(anonymous_12)
FN:238,(anonymous_13)
FN:301,(anonymous_14)
FN:306,(anonymous_15)
FN:321,(anonymous_16)
FN:347,(anonymous_17)
FN:350,(anonymous_18)
FN:398,(anonymous_19)
FN:406,(anonymous_20)
FN:410,(anonymous_21)
FN:414,(anonymous_22)
FN:419,(anonymous_23)
FN:425,(anonymous_24)
FN:441,(anonymous_25)
FN:455,(anonymous_26)
FN:459,(anonymous_27)
FN:462,(anonymous_28)
FN:467,(anonymous_29)
FN:481,(anonymous_30)
FN:486,(anonymous_31)
FN:493,(anonymous_32)
FN:511,(anonymous_33)
FN:523,(anonymous_34)
FN:557,(anonymous_35)
FN:564,(anonymous_36)
FN:596,(anonymous_37)
FN:603,(anonymous_38)
FN:613,(anonymous_39)
FN:644,(anonymous_40)
FN:658,(anonymous_41)
FN:666,(anonymous_42)
FN:673,(anonymous_43)
FN:688,(anonymous_44)
FN:689,(anonymous_45)
FN:720,(anonymous_46)
FNF:47
FNH:45
FNDA:70,(anonymous_0)
FNDA:0,(anonymous_1)
FNDA:50,(anonymous_2)
FNDA:33,(anonymous_3)
FNDA:110,(anonymous_4)
FNDA:319,(anonymous_5)
FNDA:2,(anonymous_6)
FNDA:49,(anonymous_7)
FNDA:2,(anonymous_8)
FNDA:2,(anonymous_9)
FNDA:2,(anonymous_10)
FNDA:19,(anonymous_11)
FNDA:4,(anonymous_12)
FNDA:69,(anonymous_13)
FNDA:48,(anonymous_14)
FNDA:0,(anonymous_15)
FNDA:41,(anonymous_16)
FNDA:40,(anonymous_17)
FNDA:35,(anonymous_18)
FNDA:2,(anonymous_19)
FNDA:47,(anonymous_20)
FNDA:64,(anonymous_21)
FNDA:279,(anonymous_22)
FNDA:33,(anonymous_23)
FNDA:71,(anonymous_24)
FNDA:119,(anonymous_25)
FNDA:84,(anonymous_26)
FNDA:70,(anonymous_27)
FNDA:108,(anonymous_28)
FNDA:17,(anonymous_29)
FNDA:27,(anonymous_30)
FNDA:22,(anonymous_31)
FNDA:3,(anonymous_32)
FNDA:69,(anonymous_33)
FNDA:39,(anonymous_34)
FNDA:1,(anonymous_35)
FNDA:29,(anonymous_36)
FNDA:4,(anonymous_37)
FNDA:44,(anonymous_38)
FNDA:70,(anonymous_39)
FNDA:1,(anonymous_40)
FNDA:56,(anonymous_41)
FNDA:32,(anonymous_42)
FNDA:34,(anonymous_43)
FNDA:86,(anonymous_44)
FNDA:86,(anonymous_45)
FNDA:51,(anonymous_46)
DA:18,1
DA:19,1
DA:20,1
DA:21,1
DA:22,1
DA:23,1
DA:24,1
DA:26,1
DA:41,1
DA:49,1
DA:66,1
DA:71,1
DA:84,1
DA:89,1
DA:95,1
DA:115,70
DA:116,0
DA:120,70
DA:121,70
DA:122,70
DA:123,70
DA:124,70
DA:127,70
DA:128,70
DA:129,70
DA:131,70
DA:137,0
DA:141,50
DA:145,33
DA:149,110
DA:153,319
DA:157,2
DA:161,49
DA:167,2
DA:171,2
DA:175,2
DA:179,19
DA:180,2
DA:183,17
DA:184,15
DA:185,15
DA:187,15
DA:188,1
DA:192,1
DA:195,15
DA:197,15
DA:198,11
DA:200,4
DA:203,2
DA:204,1
DA:205,1
DA:208,1
DA:213,4
DA:215,4
DA:217,4
DA:218,4
DA:220,4
DA:221,2
DA:224,4
DA:225,4
DA:226,4
DA:227,4
DA:228,4
DA:229,2
DA:232,4
DA:233,4
DA:234,4
DA:235,4
DA:239,69
DA:240,2
DA:243,67
DA:244,67
DA:245,55
DA:247,55
DA:252,55
DA:253,3
DA:256,52
DA:257,52
DA:259,52
DA:260,52
DA:262,52
DA:264,52
DA:265,45
DA:268,52
DA:272,52
DA:273,52
DA:275,52
DA:277,52
DA:279,52
DA:280,52
DA:283,52
DA:285,52
DA:302,48
DA:303,31
DA:307,0
DA:311,52
DA:317,52
DA:318,0
DA:321,52
DA:322,41
DA:323,34
DA:325,41
DA:326,41
DA:328,41
DA:330,41
DA:331,2
DA:335,52
DA:336,45
DA:338,45
DA:342,7
DA:348,40
DA:349,40
DA:350,40
DA:351,35
DA:352,26
DA:355,35
DA:356,35
DA:357,35
DA:358,35
DA:359,21
DA:362,35
DA:363,0
DA:367,40
DA:369,40
DA:370,1
DA:373,39
DA:377,39
DA:378,0
DA:381,39
DA:382,39
DA:383,39
DA:385,39
DA:386,22
DA:388,22
DA:392,17
DA:395,39
DA:399,2
DA:400,1
DA:407,47
DA:411,64
DA:415,279
DA:416,279
DA:420,33
DA:421,33
DA:422,33
DA:426,71
DA:427,71
DA:429,12
DA:430,8
DA:431,5
DA:434,4
DA:437,59
DA:442,119
DA:444,119
DA:445,50
DA:450,119
DA:456,84
DA:460,70
DA:462,70
DA:463,108
DA:464,26
DA:467,17
DA:469,82
DA:470,77
DA:473,77
DA:477,77
DA:481,27
DA:486,22
DA:491,70
DA:494,3
DA:495,2
DA:500,70
DA:501,1
DA:507,69
DA:512,69
DA:513,69
DA:515,69
DA:519,69
DA:524,39
DA:526,39
DA:528,39
DA:529,0
DA:533,0
DA:536,39
DA:537,27
DA:542,39
DA:544,14
DA:545,14
DA:548,25
DA:550,25
DA:552,25
DA:553,21
DA:554,21
DA:557,4
DA:558,1
DA:559,1
DA:565,29
DA:567,29
DA:569,29
DA:570,0
DA:574,0
DA:577,29
DA:578,22
DA:583,29
DA:584,9
DA:587,20
DA:589,20
DA:591,20
DA:592,13
DA:593,13
DA:596,7
DA:597,4
DA:598,3
DA:604,44
DA:605,77
DA:606,20
DA:610,24
DA:614,70
DA:620,70
DA:621,64
DA:627,70
DA:628,1
DA:631,70
DA:632,1
DA:635,70
DA:641,70
DA:645,1
DA:647,1
DA:648,1
DA:649,13
DA:650,3
DA:655,1
DA:659,56
DA:660,56
DA:661,56
DA:662,42
DA:667,32
DA:668,32
DA:669,32
DA:670,32
DA:674,34
DA:675,34
DA:676,34
DA:677,33
DA:679,1
DA:680,1
DA:681,1
DA:682,1
DA:683,1
DA:689,86
DA:690,86
DA:691,86
DA:693,86
DA:694,1
DA:697,85
DA:698,48
DA:699,48
DA:702,85
DA:703,48
DA:704,1
DA:706,47
DA:718,1
DA:719,1
DA:720,1
DA:721,51
DA:722,51
LF:266
LH:256
BRDA:115,0,0,0
BRDA:115,0,1,70
BRDA:179,1,0,2
BRDA:179,1,1,17
BRDA:183,2,0,15
BRDA:183,2,1,2
BRDA:187,3,0,1
BRDA:187,3,1,14
BRDA:197,4,0,11
BRDA:197,4,1,4
BRDA:203,5,0,1
BRDA:203,5,1,1
BRDA:220,6,0,2
BRDA:220,6,1,2
BRDA:228,7,0,2
BRDA:228,7,1,2
BRDA:239,8,0,2
BRDA:239,8,1,67
BRDA:244,9,0,55
BRDA:244,9,1,12
BRDA:244,10,0,67
BRDA:244,10,1,55
BRDA:252,11,0,3
BRDA:252,11,1,52
BRDA:252,12,0,55
BRDA:252,12,1,54
BRDA:264,13,0,45
BRDA:264,13,1,7
BRDA:268,14,0,0
BRDA:268,14,1,52
BRDA:275,15,0,48
BRDA:275,15,1,4
BRDA:279,16,0,52
BRDA:279,16,1,0
BRDA:302,17,0,31
BRDA:302,17,1,17
BRDA:317,18,0,0
BRDA:317,18,1,52
BRDA:322,19,0,34
BRDA:322,19,1,7
BRDA:330,20,0,2
BRDA:330,20,1,39
BRDA:335,21,0,45
BRDA:335,21,1,7
BRDA:351,22,0,26
BRDA:351,22,1,9
BRDA:351,23,0,35
BRDA:351,23,1,35
BRDA:358,24,0,21
BRDA:358,24,1,14
BRDA:362,25,0,0
BRDA:362,25,1,35
BRDA:369,26,0,1
BRDA:369,26,1,39
BRDA:377,27,0,0
BRDA:377,27,1,39
BRDA:385,28,0,22
BRDA:385,28,1,17
BRDA:399,29,0,1
BRDA:399,29,1,1
BRDA:415,30,0,279
BRDA:415,30,1,36
BRDA:427,31,0,12
BRDA:427,31,1,59
BRDA:427,32,0,71
BRDA:427,32,1,12
BRDA:427,32,2,5
BRDA:429,33,0,8
BRDA:429,33,1,4
BRDA:430,34,0,5
BRDA:430,34,1,3
BRDA:437,35,0,8
BRDA:437,35,1,51
BRDA:444,36,0,50
BRDA:444,36,1,69
BRDA:445,37,0,6
BRDA:445,37,1,44
BRDA:463,38,0,26
BRDA:463,38,1,82
BRDA:469,39,0,77
BRDA:469,39,1,5
BRDA:470,40,0,39
BRDA:470,40,1,38
BRDA:473,41,0,39
BRDA:473,41,1,38
BRDA:494,42,0,2
BRDA:494,42,1,1
BRDA:500,43,0,1
BRDA:500,43,1,69
BRDA:513,44,0,69
BRDA:513,44,1,0
BRDA:513,45,0,69
BRDA:513,45,1,24
BRDA:517,46,0,69
BRDA:517,46,1,24
BRDA:526,47,0,39
BRDA:526,47,1,27
BRDA:528,48,0,0
BRDA:528,48,1,39
BRDA:536,49,0,27
BRDA:536,49,1,12
BRDA:538,50,0,8
BRDA:538,50,1,19
BRDA:542,51,0,14
BRDA:542,51,1,25
BRDA:542,52,0,39
BRDA:542,52,1,36
BRDA:552,53,0,21
BRDA:552,53,1,4
BRDA:552,54,0,25
BRDA:552,54,1,25
BRDA:558,55,0,1
BRDA:558,55,1,0
BRDA:567,56,0,29
BRDA:567,56,1,22
BRDA:569,57,0,0
BRDA:569,57,1,29
BRDA:577,58,0,22
BRDA:577,58,1,7
BRDA:579,59,0,8
BRDA:579,59,1,14
BRDA:583,60,0,9
BRDA:583,60,1,20
BRDA:591,61,0,13
BRDA:591,61,1,7
BRDA:591,62,0,20
BRDA:591,62,1,20
BRDA:597,63,0,3
BRDA:597,63,1,1
BRDA:605,64,0,20
BRDA:605,64,1,57
BRDA:617,65,0,38
BRDA:617,65,1,32
BRDA:617,66,0,70
BRDA:617,66,1,46
BRDA:620,67,0,64
BRDA:620,67,1,6
BRDA:627,68,0,1
BRDA:627,68,1,69
BRDA:631,69,0,1
BRDA:631,69,1,69
BRDA:647,70,0,1
BRDA:647,70,1,0
BRDA:649,71,0,3
BRDA:649,71,1,10
BRDA:661,72,0,42
BRDA:661,72,1,14
BRDA:661,73,0,56
BRDA:661,73,1,42
BRDA:676,74,0,33
BRDA:676,74,1,1
BRDA:691,75,0,86
BRDA:691,75,1,24
BRDA:693,76,0,1
BRDA:693,76,1,85
BRDA:693,77,0,86
BRDA:693,77,1,49
BRDA:697,78,0,48
BRDA:697,78,1,37
BRDA:702,79,0,48
BRDA:702,79,1,37
BRDA:703,80,0,1
BRDA:703,80,1,47
BRF:163
BRH:152
end_of_record
TN:
SF:/Users/martijn.cuppens/workspace/bootstrap/js/src/util.js
FN:22,toType
FN:26,getSpecialTransitionEndEvent
FN:30,(anonymous_2)
FN:39,transitionEndEmulator
FN:42,(anonymous_4)
FN:46,(anonymous_5)
FN:55,setTransitionEndSupport
FN:70,(anonymous_7)
FN:78,(anonymous_8)
FN:89,(anonymous_9)
FN:113,(anonymous_10)
FN:117,(anonymous_11)
FN:122,(anonymous_12)
FN:126,(anonymous_13)
FN:130,(anonymous_14)
FNF:15
FNH:15
FNDA:1667,toType
FNDA:1,getSpecialTransitionEndEvent
FNDA:276,(anonymous_2)
FNDA:161,transitionEndEmulator
FNDA:137,(anonymous_4)
FNDA:160,(anonymous_5)
FNDA:1,setTransitionEndSupport
FNDA:61,(anonymous_7)
FNDA:422,(anonymous_8)
FNDA:169,(anonymous_9)
FNDA:87,(anonymous_10)
FNDA:158,(anonymous_11)
FNDA:1,(anonymous_12)
FNDA:1237,(anonymous_13)
FNDA:282,(anonymous_14)
DA:17,1
DA:18,1
DA:19,1
DA:23,1667
DA:27,1
DA:31,276
DA:32,274
DA:34,2
DA:40,161
DA:42,161
DA:43,137
DA:46,161
DA:47,160
DA:48,158
DA:52,161
DA:56,1
DA:57,1
DA:66,1
DA:71,61
DA:73,61
DA:75,61
DA:79,422
DA:81,422
DA:82,392
DA:83,392
DA:86,422
DA:90,169
DA:91,1
DA:95,168
DA:96,168
DA:98,168
DA:99,168
DA:102,168
DA:103,161
DA:107,7
DA:108,7
DA:110,7
DA:114,87
DA:118,158
DA:123,1
DA:127,1237
DA:131,282
DA:132,1679
DA:133,1679
DA:134,1679
DA:135,1679
DA:138,1679
DA:139,3
DA:149,1
LF:49
LH:49
BRDA:31,0,0,274
BRDA:31,0,1,2
BRDA:47,1,0,158
BRDA:47,1,1,2
BRDA:81,2,0,392
BRDA:81,2,1,30
BRDA:81,3,0,422
BRDA:81,3,1,30
BRDA:83,4,0,229
BRDA:83,4,1,163
BRDA:83,5,0,392
BRDA:83,5,1,335
BRDA:86,6,0,242
BRDA:86,6,1,177
BRDA:86,7,0,422
BRDA:86,7,1,259
BRDA:90,8,0,1
BRDA:90,8,1,168
BRDA:102,9,0,161
BRDA:102,9,1,7
BRDA:102,10,0,168
BRDA:102,10,1,162
BRDA:127,11,0,1237
BRDA:127,11,1,554
BRDA:132,12,0,1679
BRDA:132,12,1,0
BRDA:135,13,0,12
BRDA:135,13,1,1667
BRDA:135,14,0,1679
BRDA:135,14,1,1171
BRDA:138,15,0,3
BRDA:138,15,1,1676
BRF:32
BRH:31
end_of_record
